Timing Analyzer report for cronometro
Fri Jun  7 20:49:50 2024
Quartus Prime Version 23.1std.0 Build 991 11/28/2023 SC Lite Edition


---------------------
; Table of Contents ;
---------------------
  1. Legal Notice
  2. Timing Analyzer Summary
  3. Parallel Compilation
  4. Clocks
  5. Fmax Summary
  6. Setup Summary
  7. Hold Summary
  8. Recovery Summary
  9. Removal Summary
 10. Minimum Pulse Width Summary
 11. Setup: 'clk_50M'
 12. Setup: 'basic_divider:clk_div|temp'
 13. Setup: 'basic_divider:clk_div2|temp'
 14. Setup: 'debounce:deb_start_stop|result'
 15. Setup: 'debounce:deb_ud|result'
 16. Hold: 'basic_divider:clk_div2|temp'
 17. Hold: 'clk_50M'
 18. Hold: 'basic_divider:clk_div|temp'
 19. Hold: 'debounce:deb_ud|result'
 20. Hold: 'debounce:deb_start_stop|result'
 21. Setup Transfers
 22. Hold Transfers
 23. Report TCCS
 24. Report RSKM
 25. Unconstrained Paths Summary
 26. Clock Status Summary
 27. Unconstrained Input Ports
 28. Unconstrained Output Ports
 29. Unconstrained Input Ports
 30. Unconstrained Output Ports
 31. Timing Analyzer Messages



----------------
; Legal Notice ;
----------------
Copyright (C) 2023  Intel Corporation. All rights reserved.
Your use of Intel Corporation's design tools, logic functions 
and other software and tools, and any partner logic 
functions, and any output files from any of the foregoing 
(including device programming or simulation files), and any 
associated documentation or information are expressly subject 
to the terms and conditions of the Intel Program License 
Subscription Agreement, the Intel Quartus Prime License Agreement,
the Intel FPGA IP License Agreement, or other applicable license
agreement, including, without limitation, that your use is for
the sole purpose of programming logic devices manufactured by
Intel and sold by Intel or its authorized distributors.  Please
refer to the applicable agreement for further details, at
https://fpgasoftware.intel.com/eula.



+--------------------------------------------------------------------------------+
; Timing Analyzer Summary                                                        ;
+-----------------------+--------------------------------------------------------+
; Quartus Prime Version ; Version 23.1std.0 Build 991 11/28/2023 SC Lite Edition ;
; Timing Analyzer       ; Legacy Timing Analyzer                                 ;
; Revision Name         ; cronometro                                             ;
; Device Family         ; MAX II                                                 ;
; Device Name           ; EPM240T100C3                                           ;
; Timing Models         ; Final                                                  ;
; Delay Model           ; Slow Model                                             ;
; Rise/Fall Delays      ; Unavailable                                            ;
+-----------------------+--------------------------------------------------------+


+------------------------------------------+
; Parallel Compilation                     ;
+----------------------------+-------------+
; Processors                 ; Number      ;
+----------------------------+-------------+
; Number detected on machine ; 4           ;
; Maximum allowed            ; 2           ;
;                            ;             ;
; Average used               ; 1.00        ;
; Maximum used               ; 1           ;
;                            ;             ;
; Usage by Processor         ; % Time Used ;
;     Processor 1            ; 100.0%      ;
+----------------------------+-------------+


+--------------------------------------------------------------------------------------------------------------------------------------------------------------------------------------------------------------------------------+
; Clocks                                                                                                                                                                                                                         ;
+--------------------------------+------+--------+------------+-------+-------+------------+-----------+-------------+-------+--------+-----------+------------+----------+--------+--------+------------------------------------+
; Clock Name                     ; Type ; Period ; Frequency  ; Rise  ; Fall  ; Duty Cycle ; Divide by ; Multiply by ; Phase ; Offset ; Edge List ; Edge Shift ; Inverted ; Master ; Source ; Targets                            ;
+--------------------------------+------+--------+------------+-------+-------+------------+-----------+-------------+-------+--------+-----------+------------+----------+--------+--------+------------------------------------+
; basic_divider:clk_div2|temp    ; Base ; 1.000  ; 1000.0 MHz ; 0.000 ; 0.500 ;            ;           ;             ;       ;        ;           ;            ;          ;        ;        ; { basic_divider:clk_div2|temp }    ;
; basic_divider:clk_div|temp     ; Base ; 1.000  ; 1000.0 MHz ; 0.000 ; 0.500 ;            ;           ;             ;       ;        ;           ;            ;          ;        ;        ; { basic_divider:clk_div|temp }     ;
; clk_50M                        ; Base ; 1.000  ; 1000.0 MHz ; 0.000 ; 0.500 ;            ;           ;             ;       ;        ;           ;            ;          ;        ;        ; { clk_50M }                        ;
; debounce:deb_start_stop|result ; Base ; 1.000  ; 1000.0 MHz ; 0.000 ; 0.500 ;            ;           ;             ;       ;        ;           ;            ;          ;        ;        ; { debounce:deb_start_stop|result } ;
; debounce:deb_ud|result         ; Base ; 1.000  ; 1000.0 MHz ; 0.000 ; 0.500 ;            ;           ;             ;       ;        ;           ;            ;          ;        ;        ; { debounce:deb_ud|result }         ;
+--------------------------------+------+--------+------------+-------+-------+------------+-----------+-------------+-------+--------+-----------+------------+----------+--------+--------+------------------------------------+


+----------------------------------------------------------------------+
; Fmax Summary                                                         ;
+------------+-----------------+--------------------------------+------+
; Fmax       ; Restricted Fmax ; Clock Name                     ; Note ;
+------------+-----------------+--------------------------------+------+
; 129.4 MHz  ; 129.4 MHz       ; clk_50M                        ;      ;
; 248.2 MHz  ; 248.2 MHz       ; basic_divider:clk_div|temp     ;      ;
; 483.56 MHz ; 483.56 MHz      ; basic_divider:clk_div2|temp    ;      ;
; 646.41 MHz ; 646.41 MHz      ; debounce:deb_start_stop|result ;      ;
; 717.88 MHz ; 717.88 MHz      ; debounce:deb_ud|result         ;      ;
+------------+-----------------+--------------------------------+------+
This panel reports FMAX for every clock in the design, regardless of the user-specified clock periods.  FMAX is only computed for paths where the source and destination registers or ports are driven by the same clock.  Paths of different clocks, including generated clocks, are ignored.  For paths between a clock and its inversion, FMAX is computed as if the rising and falling edges are scaled along with FMAX, such that the duty cycle (in terms of a percentage) is maintained. Altera recommends that you always use clock constraints and other slack reports for sign-off analysis.


+---------------------------------------------------------+
; Setup Summary                                           ;
+--------------------------------+--------+---------------+
; Clock                          ; Slack  ; End Point TNS ;
+--------------------------------+--------+---------------+
; clk_50M                        ; -6.728 ; -202.927      ;
; basic_divider:clk_div|temp     ; -3.029 ; -18.174       ;
; basic_divider:clk_div2|temp    ; -1.068 ; -5.740        ;
; debounce:deb_start_stop|result ; -0.547 ; -0.547        ;
; debounce:deb_ud|result         ; -0.393 ; -0.393        ;
+--------------------------------+--------+---------------+


+---------------------------------------------------------+
; Hold Summary                                            ;
+--------------------------------+--------+---------------+
; Clock                          ; Slack  ; End Point TNS ;
+--------------------------------+--------+---------------+
; basic_divider:clk_div2|temp    ; -1.774 ; -3.179        ;
; clk_50M                        ; -1.136 ; -2.082        ;
; basic_divider:clk_div|temp     ; -0.126 ; -0.647        ;
; debounce:deb_ud|result         ; 1.047  ; 0.000         ;
; debounce:deb_start_stop|result ; 1.201  ; 0.000         ;
+--------------------------------+--------+---------------+


--------------------
; Recovery Summary ;
--------------------
No paths to report.


-------------------
; Removal Summary ;
-------------------
No paths to report.


+---------------------------------------------------------+
; Minimum Pulse Width Summary                             ;
+--------------------------------+--------+---------------+
; Clock                          ; Slack  ; End Point TNS ;
+--------------------------------+--------+---------------+
; clk_50M                        ; -2.289 ; -2.289        ;
; basic_divider:clk_div2|temp    ; 0.334  ; 0.000         ;
; basic_divider:clk_div|temp     ; 0.334  ; 0.000         ;
; debounce:deb_start_stop|result ; 0.334  ; 0.000         ;
; debounce:deb_ud|result         ; 0.334  ; 0.000         ;
+--------------------------------+--------+---------------+


+-----------------------------------------------------------------------------------------------------------------------------------------------------------------+
; Setup: 'clk_50M'                                                                                                                                                ;
+--------+----------------------------------------+-----------------------------------------+--------------+-------------+--------------+------------+------------+
; Slack  ; From Node                              ; To Node                                 ; Launch Clock ; Latch Clock ; Relationship ; Clock Skew ; Data Delay ;
+--------+----------------------------------------+-----------------------------------------+--------------+-------------+--------------+------------+------------+
; -6.728 ; basic_divider:clk_div|\P_div:count[0]  ; basic_divider:clk_div2|\P_div:count[16] ; clk_50M      ; clk_50M     ; 1.000        ; 0.000      ; 7.520      ;
; -6.606 ; basic_divider:clk_div|\P_div:count[1]  ; basic_divider:clk_div2|\P_div:count[16] ; clk_50M      ; clk_50M     ; 1.000        ; 0.000      ; 7.398      ;
; -6.551 ; basic_divider:clk_div|\P_div:count[12] ; basic_divider:clk_div|\P_div:count[6]   ; clk_50M      ; clk_50M     ; 1.000        ; 0.000      ; 7.343      ;
; -6.521 ; basic_divider:clk_div|\P_div:count[0]  ; basic_divider:clk_div|\P_div:count[6]   ; clk_50M      ; clk_50M     ; 1.000        ; 0.000      ; 7.313      ;
; -6.519 ; basic_divider:clk_div2|\P_div:count[2] ; basic_divider:clk_div2|\P_div:count[16] ; clk_50M      ; clk_50M     ; 1.000        ; 0.000      ; 7.311      ;
; -6.507 ; basic_divider:clk_div|\P_div:count[2]  ; basic_divider:clk_div|\P_div:count[6]   ; clk_50M      ; clk_50M     ; 1.000        ; 0.000      ; 7.299      ;
; -6.499 ; basic_divider:clk_div2|\P_div:count[5] ; basic_divider:clk_div2|\P_div:count[16] ; clk_50M      ; clk_50M     ; 1.000        ; 0.000      ; 7.291      ;
; -6.490 ; basic_divider:clk_div|\P_div:count[7]  ; basic_divider:clk_div|\P_div:count[6]   ; clk_50M      ; clk_50M     ; 1.000        ; 0.000      ; 7.282      ;
; -6.488 ; basic_divider:clk_div2|\P_div:count[3] ; basic_divider:clk_div2|\P_div:count[16] ; clk_50M      ; clk_50M     ; 1.000        ; 0.000      ; 7.280      ;
; -6.476 ; basic_divider:clk_div|\P_div:count[8]  ; basic_divider:clk_div|\P_div:count[6]   ; clk_50M      ; clk_50M     ; 1.000        ; 0.000      ; 7.268      ;
; -6.419 ; basic_divider:clk_div|\P_div:count[3]  ; basic_divider:clk_div|\P_div:count[6]   ; clk_50M      ; clk_50M     ; 1.000        ; 0.000      ; 7.211      ;
; -6.418 ; basic_divider:clk_div|\P_div:count[12] ; basic_divider:clk_div|\P_div:count[11]  ; clk_50M      ; clk_50M     ; 1.000        ; 0.000      ; 7.210      ;
; -6.418 ; basic_divider:clk_div|\P_div:count[12] ; basic_divider:clk_div|\P_div:count[21]  ; clk_50M      ; clk_50M     ; 1.000        ; 0.000      ; 7.210      ;
; -6.417 ; basic_divider:clk_div|\P_div:count[12] ; basic_divider:clk_div|temp              ; clk_50M      ; clk_50M     ; 1.000        ; 0.000      ; 7.209      ;
; -6.413 ; basic_divider:clk_div|\P_div:count[9]  ; basic_divider:clk_div|\P_div:count[6]   ; clk_50M      ; clk_50M     ; 1.000        ; 0.000      ; 7.205      ;
; -6.388 ; basic_divider:clk_div|\P_div:count[0]  ; basic_divider:clk_div|\P_div:count[11]  ; clk_50M      ; clk_50M     ; 1.000        ; 0.000      ; 7.180      ;
; -6.388 ; basic_divider:clk_div|\P_div:count[0]  ; basic_divider:clk_div|\P_div:count[21]  ; clk_50M      ; clk_50M     ; 1.000        ; 0.000      ; 7.180      ;
; -6.387 ; basic_divider:clk_div|\P_div:count[0]  ; basic_divider:clk_div|temp              ; clk_50M      ; clk_50M     ; 1.000        ; 0.000      ; 7.179      ;
; -6.374 ; basic_divider:clk_div|\P_div:count[2]  ; basic_divider:clk_div|\P_div:count[11]  ; clk_50M      ; clk_50M     ; 1.000        ; 0.000      ; 7.166      ;
; -6.374 ; basic_divider:clk_div|\P_div:count[2]  ; basic_divider:clk_div|\P_div:count[21]  ; clk_50M      ; clk_50M     ; 1.000        ; 0.000      ; 7.166      ;
; -6.373 ; basic_divider:clk_div|\P_div:count[2]  ; basic_divider:clk_div|temp              ; clk_50M      ; clk_50M     ; 1.000        ; 0.000      ; 7.165      ;
; -6.369 ; basic_divider:clk_div|\P_div:count[1]  ; basic_divider:clk_div|\P_div:count[6]   ; clk_50M      ; clk_50M     ; 1.000        ; 0.000      ; 7.161      ;
; -6.363 ; basic_divider:clk_div2|\P_div:count[8] ; basic_divider:clk_div2|\P_div:count[16] ; clk_50M      ; clk_50M     ; 1.000        ; 0.000      ; 7.155      ;
; -6.357 ; basic_divider:clk_div|\P_div:count[7]  ; basic_divider:clk_div|\P_div:count[11]  ; clk_50M      ; clk_50M     ; 1.000        ; 0.000      ; 7.149      ;
; -6.357 ; basic_divider:clk_div|\P_div:count[7]  ; basic_divider:clk_div|\P_div:count[21]  ; clk_50M      ; clk_50M     ; 1.000        ; 0.000      ; 7.149      ;
; -6.356 ; basic_divider:clk_div|\P_div:count[7]  ; basic_divider:clk_div|temp              ; clk_50M      ; clk_50M     ; 1.000        ; 0.000      ; 7.148      ;
; -6.343 ; basic_divider:clk_div|\P_div:count[8]  ; basic_divider:clk_div|\P_div:count[11]  ; clk_50M      ; clk_50M     ; 1.000        ; 0.000      ; 7.135      ;
; -6.343 ; basic_divider:clk_div|\P_div:count[8]  ; basic_divider:clk_div|\P_div:count[21]  ; clk_50M      ; clk_50M     ; 1.000        ; 0.000      ; 7.135      ;
; -6.342 ; basic_divider:clk_div|\P_div:count[4]  ; basic_divider:clk_div|\P_div:count[6]   ; clk_50M      ; clk_50M     ; 1.000        ; 0.000      ; 7.134      ;
; -6.342 ; basic_divider:clk_div|\P_div:count[8]  ; basic_divider:clk_div|temp              ; clk_50M      ; clk_50M     ; 1.000        ; 0.000      ; 7.134      ;
; -6.330 ; basic_divider:clk_div|\P_div:count[6]  ; basic_divider:clk_div|\P_div:count[6]   ; clk_50M      ; clk_50M     ; 1.000        ; 0.000      ; 7.122      ;
; -6.323 ; basic_divider:clk_div2|\P_div:count[6] ; basic_divider:clk_div2|\P_div:count[16] ; clk_50M      ; clk_50M     ; 1.000        ; 0.000      ; 7.115      ;
; -6.323 ; basic_divider:clk_div|\P_div:count[10] ; basic_divider:clk_div|\P_div:count[6]   ; clk_50M      ; clk_50M     ; 1.000        ; 0.000      ; 7.115      ;
; -6.286 ; basic_divider:clk_div|\P_div:count[3]  ; basic_divider:clk_div|\P_div:count[11]  ; clk_50M      ; clk_50M     ; 1.000        ; 0.000      ; 7.078      ;
; -6.286 ; basic_divider:clk_div|\P_div:count[3]  ; basic_divider:clk_div|\P_div:count[21]  ; clk_50M      ; clk_50M     ; 1.000        ; 0.000      ; 7.078      ;
; -6.285 ; basic_divider:clk_div|\P_div:count[3]  ; basic_divider:clk_div|temp              ; clk_50M      ; clk_50M     ; 1.000        ; 0.000      ; 7.077      ;
; -6.280 ; basic_divider:clk_div|\P_div:count[13] ; basic_divider:clk_div|\P_div:count[6]   ; clk_50M      ; clk_50M     ; 1.000        ; 0.000      ; 7.072      ;
; -6.280 ; basic_divider:clk_div|\P_div:count[9]  ; basic_divider:clk_div|\P_div:count[11]  ; clk_50M      ; clk_50M     ; 1.000        ; 0.000      ; 7.072      ;
; -6.280 ; basic_divider:clk_div|\P_div:count[9]  ; basic_divider:clk_div|\P_div:count[21]  ; clk_50M      ; clk_50M     ; 1.000        ; 0.000      ; 7.072      ;
; -6.279 ; basic_divider:clk_div|\P_div:count[14] ; basic_divider:clk_div|\P_div:count[6]   ; clk_50M      ; clk_50M     ; 1.000        ; 0.000      ; 7.071      ;
; -6.279 ; basic_divider:clk_div|\P_div:count[9]  ; basic_divider:clk_div|temp              ; clk_50M      ; clk_50M     ; 1.000        ; 0.000      ; 7.071      ;
; -6.250 ; basic_divider:clk_div|\P_div:count[11] ; basic_divider:clk_div|\P_div:count[6]   ; clk_50M      ; clk_50M     ; 1.000        ; 0.000      ; 7.042      ;
; -6.236 ; basic_divider:clk_div|\P_div:count[1]  ; basic_divider:clk_div|\P_div:count[11]  ; clk_50M      ; clk_50M     ; 1.000        ; 0.000      ; 7.028      ;
; -6.236 ; basic_divider:clk_div|\P_div:count[1]  ; basic_divider:clk_div|\P_div:count[21]  ; clk_50M      ; clk_50M     ; 1.000        ; 0.000      ; 7.028      ;
; -6.235 ; basic_divider:clk_div|\P_div:count[1]  ; basic_divider:clk_div|temp              ; clk_50M      ; clk_50M     ; 1.000        ; 0.000      ; 7.027      ;
; -6.209 ; basic_divider:clk_div|\P_div:count[4]  ; basic_divider:clk_div|\P_div:count[11]  ; clk_50M      ; clk_50M     ; 1.000        ; 0.000      ; 7.001      ;
; -6.209 ; basic_divider:clk_div|\P_div:count[4]  ; basic_divider:clk_div|\P_div:count[21]  ; clk_50M      ; clk_50M     ; 1.000        ; 0.000      ; 7.001      ;
; -6.208 ; basic_divider:clk_div|\P_div:count[4]  ; basic_divider:clk_div|temp              ; clk_50M      ; clk_50M     ; 1.000        ; 0.000      ; 7.000      ;
; -6.197 ; basic_divider:clk_div|\P_div:count[6]  ; basic_divider:clk_div|\P_div:count[11]  ; clk_50M      ; clk_50M     ; 1.000        ; 0.000      ; 6.989      ;
; -6.197 ; basic_divider:clk_div|\P_div:count[6]  ; basic_divider:clk_div|\P_div:count[21]  ; clk_50M      ; clk_50M     ; 1.000        ; 0.000      ; 6.989      ;
; -6.196 ; basic_divider:clk_div|\P_div:count[6]  ; basic_divider:clk_div|temp              ; clk_50M      ; clk_50M     ; 1.000        ; 0.000      ; 6.988      ;
; -6.193 ; basic_divider:clk_div|\P_div:count[12] ; basic_divider:clk_div|\P_div:count[12]  ; clk_50M      ; clk_50M     ; 1.000        ; 0.000      ; 6.985      ;
; -6.193 ; basic_divider:clk_div|\P_div:count[12] ; basic_divider:clk_div|\P_div:count[22]  ; clk_50M      ; clk_50M     ; 1.000        ; 0.000      ; 6.985      ;
; -6.192 ; basic_divider:clk_div|\P_div:count[12] ; basic_divider:clk_div|\P_div:count[16]  ; clk_50M      ; clk_50M     ; 1.000        ; 0.000      ; 6.984      ;
; -6.191 ; basic_divider:clk_div|\P_div:count[12] ; basic_divider:clk_div|\P_div:count[19]  ; clk_50M      ; clk_50M     ; 1.000        ; 0.000      ; 6.983      ;
; -6.191 ; basic_divider:clk_div|\P_div:count[15] ; basic_divider:clk_div|\P_div:count[6]   ; clk_50M      ; clk_50M     ; 1.000        ; 0.000      ; 6.983      ;
; -6.190 ; basic_divider:clk_div|\P_div:count[10] ; basic_divider:clk_div|\P_div:count[11]  ; clk_50M      ; clk_50M     ; 1.000        ; 0.000      ; 6.982      ;
; -6.190 ; basic_divider:clk_div|\P_div:count[10] ; basic_divider:clk_div|\P_div:count[21]  ; clk_50M      ; clk_50M     ; 1.000        ; 0.000      ; 6.982      ;
; -6.189 ; basic_divider:clk_div|\P_div:count[12] ; basic_divider:clk_div|\P_div:count[13]  ; clk_50M      ; clk_50M     ; 1.000        ; 0.000      ; 6.981      ;
; -6.189 ; basic_divider:clk_div|\P_div:count[10] ; basic_divider:clk_div|temp              ; clk_50M      ; clk_50M     ; 1.000        ; 0.000      ; 6.981      ;
; -6.188 ; basic_divider:clk_div|\P_div:count[12] ; basic_divider:clk_div|\P_div:count[14]  ; clk_50M      ; clk_50M     ; 1.000        ; 0.000      ; 6.980      ;
; -6.188 ; basic_divider:clk_div|\P_div:count[12] ; basic_divider:clk_div|\P_div:count[18]  ; clk_50M      ; clk_50M     ; 1.000        ; 0.000      ; 6.980      ;
; -6.175 ; basic_divider:clk_div|\P_div:count[0]  ; basic_divider:clk_div2|temp             ; clk_50M      ; clk_50M     ; 1.000        ; 0.000      ; 6.967      ;
; -6.175 ; basic_divider:clk_div|\P_div:count[0]  ; basic_divider:clk_div2|\P_div:count[17] ; clk_50M      ; clk_50M     ; 1.000        ; 0.000      ; 6.967      ;
; -6.174 ; basic_divider:clk_div|\P_div:count[0]  ; basic_divider:clk_div2|\P_div:count[12] ; clk_50M      ; clk_50M     ; 1.000        ; 0.000      ; 6.966      ;
; -6.172 ; basic_divider:clk_div|\P_div:count[0]  ; basic_divider:clk_div2|\P_div:count[15] ; clk_50M      ; clk_50M     ; 1.000        ; 0.000      ; 6.964      ;
; -6.171 ; basic_divider:clk_div|\P_div:count[0]  ; basic_divider:clk_div2|\P_div:count[7]  ; clk_50M      ; clk_50M     ; 1.000        ; 0.000      ; 6.963      ;
; -6.171 ; basic_divider:clk_div|\P_div:count[0]  ; basic_divider:clk_div2|\P_div:count[14] ; clk_50M      ; clk_50M     ; 1.000        ; 0.000      ; 6.963      ;
; -6.163 ; basic_divider:clk_div|\P_div:count[0]  ; basic_divider:clk_div|\P_div:count[12]  ; clk_50M      ; clk_50M     ; 1.000        ; 0.000      ; 6.955      ;
; -6.163 ; basic_divider:clk_div|\P_div:count[0]  ; basic_divider:clk_div|\P_div:count[22]  ; clk_50M      ; clk_50M     ; 1.000        ; 0.000      ; 6.955      ;
; -6.162 ; basic_divider:clk_div|\P_div:count[0]  ; basic_divider:clk_div|\P_div:count[16]  ; clk_50M      ; clk_50M     ; 1.000        ; 0.000      ; 6.954      ;
; -6.161 ; basic_divider:clk_div|\P_div:count[0]  ; basic_divider:clk_div|\P_div:count[19]  ; clk_50M      ; clk_50M     ; 1.000        ; 0.000      ; 6.953      ;
; -6.159 ; basic_divider:clk_div|\P_div:count[0]  ; basic_divider:clk_div|\P_div:count[13]  ; clk_50M      ; clk_50M     ; 1.000        ; 0.000      ; 6.951      ;
; -6.158 ; basic_divider:clk_div|\P_div:count[0]  ; basic_divider:clk_div|\P_div:count[14]  ; clk_50M      ; clk_50M     ; 1.000        ; 0.000      ; 6.950      ;
; -6.158 ; basic_divider:clk_div|\P_div:count[0]  ; basic_divider:clk_div|\P_div:count[18]  ; clk_50M      ; clk_50M     ; 1.000        ; 0.000      ; 6.950      ;
; -6.149 ; basic_divider:clk_div|\P_div:count[2]  ; basic_divider:clk_div|\P_div:count[12]  ; clk_50M      ; clk_50M     ; 1.000        ; 0.000      ; 6.941      ;
; -6.149 ; basic_divider:clk_div|\P_div:count[2]  ; basic_divider:clk_div|\P_div:count[22]  ; clk_50M      ; clk_50M     ; 1.000        ; 0.000      ; 6.941      ;
; -6.148 ; basic_divider:clk_div|\P_div:count[2]  ; basic_divider:clk_div|\P_div:count[16]  ; clk_50M      ; clk_50M     ; 1.000        ; 0.000      ; 6.940      ;
; -6.147 ; basic_divider:clk_div|\P_div:count[13] ; basic_divider:clk_div|\P_div:count[11]  ; clk_50M      ; clk_50M     ; 1.000        ; 0.000      ; 6.939      ;
; -6.147 ; basic_divider:clk_div|\P_div:count[13] ; basic_divider:clk_div|\P_div:count[21]  ; clk_50M      ; clk_50M     ; 1.000        ; 0.000      ; 6.939      ;
; -6.147 ; basic_divider:clk_div|\P_div:count[2]  ; basic_divider:clk_div|\P_div:count[19]  ; clk_50M      ; clk_50M     ; 1.000        ; 0.000      ; 6.939      ;
; -6.146 ; basic_divider:clk_div|\P_div:count[14] ; basic_divider:clk_div|\P_div:count[11]  ; clk_50M      ; clk_50M     ; 1.000        ; 0.000      ; 6.938      ;
; -6.146 ; basic_divider:clk_div|\P_div:count[14] ; basic_divider:clk_div|\P_div:count[21]  ; clk_50M      ; clk_50M     ; 1.000        ; 0.000      ; 6.938      ;
; -6.146 ; basic_divider:clk_div|\P_div:count[13] ; basic_divider:clk_div|temp              ; clk_50M      ; clk_50M     ; 1.000        ; 0.000      ; 6.938      ;
; -6.145 ; basic_divider:clk_div|\P_div:count[14] ; basic_divider:clk_div|temp              ; clk_50M      ; clk_50M     ; 1.000        ; 0.000      ; 6.937      ;
; -6.145 ; basic_divider:clk_div|\P_div:count[2]  ; basic_divider:clk_div|\P_div:count[13]  ; clk_50M      ; clk_50M     ; 1.000        ; 0.000      ; 6.937      ;
; -6.144 ; basic_divider:clk_div|\P_div:count[2]  ; basic_divider:clk_div|\P_div:count[14]  ; clk_50M      ; clk_50M     ; 1.000        ; 0.000      ; 6.936      ;
; -6.144 ; basic_divider:clk_div|\P_div:count[2]  ; basic_divider:clk_div|\P_div:count[18]  ; clk_50M      ; clk_50M     ; 1.000        ; 0.000      ; 6.936      ;
; -6.132 ; basic_divider:clk_div|\P_div:count[7]  ; basic_divider:clk_div|\P_div:count[12]  ; clk_50M      ; clk_50M     ; 1.000        ; 0.000      ; 6.924      ;
; -6.132 ; basic_divider:clk_div|\P_div:count[7]  ; basic_divider:clk_div|\P_div:count[22]  ; clk_50M      ; clk_50M     ; 1.000        ; 0.000      ; 6.924      ;
; -6.131 ; basic_divider:clk_div|\P_div:count[7]  ; basic_divider:clk_div|\P_div:count[16]  ; clk_50M      ; clk_50M     ; 1.000        ; 0.000      ; 6.923      ;
; -6.130 ; basic_divider:clk_div|\P_div:count[7]  ; basic_divider:clk_div|\P_div:count[19]  ; clk_50M      ; clk_50M     ; 1.000        ; 0.000      ; 6.922      ;
; -6.128 ; basic_divider:clk_div|\P_div:count[7]  ; basic_divider:clk_div|\P_div:count[13]  ; clk_50M      ; clk_50M     ; 1.000        ; 0.000      ; 6.920      ;
; -6.127 ; basic_divider:clk_div|\P_div:count[7]  ; basic_divider:clk_div|\P_div:count[14]  ; clk_50M      ; clk_50M     ; 1.000        ; 0.000      ; 6.919      ;
; -6.127 ; basic_divider:clk_div|\P_div:count[7]  ; basic_divider:clk_div|\P_div:count[18]  ; clk_50M      ; clk_50M     ; 1.000        ; 0.000      ; 6.919      ;
; -6.125 ; basic_divider:clk_div2|\P_div:count[4] ; basic_divider:clk_div2|\P_div:count[16] ; clk_50M      ; clk_50M     ; 1.000        ; 0.000      ; 6.917      ;
; -6.118 ; basic_divider:clk_div|\P_div:count[8]  ; basic_divider:clk_div|\P_div:count[12]  ; clk_50M      ; clk_50M     ; 1.000        ; 0.000      ; 6.910      ;
; -6.118 ; basic_divider:clk_div|\P_div:count[8]  ; basic_divider:clk_div|\P_div:count[22]  ; clk_50M      ; clk_50M     ; 1.000        ; 0.000      ; 6.910      ;
; -6.117 ; basic_divider:clk_div|\P_div:count[11] ; basic_divider:clk_div|\P_div:count[11]  ; clk_50M      ; clk_50M     ; 1.000        ; 0.000      ; 6.909      ;
; -6.117 ; basic_divider:clk_div|\P_div:count[11] ; basic_divider:clk_div|\P_div:count[21]  ; clk_50M      ; clk_50M     ; 1.000        ; 0.000      ; 6.909      ;
+--------+----------------------------------------+-----------------------------------------+--------------+-------------+--------------+------------+------------+


+---------------------------------------------------------------------------------------------------------------------------------------------+
; Setup: 'basic_divider:clk_div|temp'                                                                                                         ;
+--------+---------------+-------------+--------------------------------+----------------------------+--------------+------------+------------+
; Slack  ; From Node     ; To Node     ; Launch Clock                   ; Latch Clock                ; Relationship ; Clock Skew ; Data Delay ;
+--------+---------------+-------------+--------------------------------+----------------------------+--------------+------------+------------+
; -3.029 ; contagem[3]   ; contagem[4] ; basic_divider:clk_div|temp     ; basic_divider:clk_div|temp ; 1.000        ; 0.000      ; 3.821      ;
; -3.029 ; contagem[3]   ; contagem[5] ; basic_divider:clk_div|temp     ; basic_divider:clk_div|temp ; 1.000        ; 0.000      ; 3.821      ;
; -3.029 ; contagem[3]   ; contagem[3] ; basic_divider:clk_div|temp     ; basic_divider:clk_div|temp ; 1.000        ; 0.000      ; 3.821      ;
; -3.029 ; contagem[3]   ; contagem[2] ; basic_divider:clk_div|temp     ; basic_divider:clk_div|temp ; 1.000        ; 0.000      ; 3.821      ;
; -3.029 ; contagem[3]   ; contagem[1] ; basic_divider:clk_div|temp     ; basic_divider:clk_div|temp ; 1.000        ; 0.000      ; 3.821      ;
; -3.029 ; contagem[3]   ; contagem[0] ; basic_divider:clk_div|temp     ; basic_divider:clk_div|temp ; 1.000        ; 0.000      ; 3.821      ;
; -2.910 ; contagem[1]   ; contagem[4] ; basic_divider:clk_div|temp     ; basic_divider:clk_div|temp ; 1.000        ; 0.000      ; 3.702      ;
; -2.910 ; contagem[1]   ; contagem[5] ; basic_divider:clk_div|temp     ; basic_divider:clk_div|temp ; 1.000        ; 0.000      ; 3.702      ;
; -2.910 ; contagem[1]   ; contagem[3] ; basic_divider:clk_div|temp     ; basic_divider:clk_div|temp ; 1.000        ; 0.000      ; 3.702      ;
; -2.910 ; contagem[1]   ; contagem[2] ; basic_divider:clk_div|temp     ; basic_divider:clk_div|temp ; 1.000        ; 0.000      ; 3.702      ;
; -2.910 ; contagem[1]   ; contagem[1] ; basic_divider:clk_div|temp     ; basic_divider:clk_div|temp ; 1.000        ; 0.000      ; 3.702      ;
; -2.910 ; contagem[1]   ; contagem[0] ; basic_divider:clk_div|temp     ; basic_divider:clk_div|temp ; 1.000        ; 0.000      ; 3.702      ;
; -2.800 ; contagem[4]   ; contagem[4] ; basic_divider:clk_div|temp     ; basic_divider:clk_div|temp ; 1.000        ; 0.000      ; 3.592      ;
; -2.800 ; contagem[4]   ; contagem[5] ; basic_divider:clk_div|temp     ; basic_divider:clk_div|temp ; 1.000        ; 0.000      ; 3.592      ;
; -2.800 ; contagem[4]   ; contagem[3] ; basic_divider:clk_div|temp     ; basic_divider:clk_div|temp ; 1.000        ; 0.000      ; 3.592      ;
; -2.800 ; contagem[4]   ; contagem[2] ; basic_divider:clk_div|temp     ; basic_divider:clk_div|temp ; 1.000        ; 0.000      ; 3.592      ;
; -2.800 ; contagem[4]   ; contagem[1] ; basic_divider:clk_div|temp     ; basic_divider:clk_div|temp ; 1.000        ; 0.000      ; 3.592      ;
; -2.800 ; contagem[4]   ; contagem[0] ; basic_divider:clk_div|temp     ; basic_divider:clk_div|temp ; 1.000        ; 0.000      ; 3.592      ;
; -2.581 ; contagem[0]   ; contagem[4] ; basic_divider:clk_div|temp     ; basic_divider:clk_div|temp ; 1.000        ; 0.000      ; 3.373      ;
; -2.581 ; contagem[0]   ; contagem[5] ; basic_divider:clk_div|temp     ; basic_divider:clk_div|temp ; 1.000        ; 0.000      ; 3.373      ;
; -2.581 ; contagem[0]   ; contagem[3] ; basic_divider:clk_div|temp     ; basic_divider:clk_div|temp ; 1.000        ; 0.000      ; 3.373      ;
; -2.581 ; contagem[0]   ; contagem[2] ; basic_divider:clk_div|temp     ; basic_divider:clk_div|temp ; 1.000        ; 0.000      ; 3.373      ;
; -2.581 ; contagem[0]   ; contagem[1] ; basic_divider:clk_div|temp     ; basic_divider:clk_div|temp ; 1.000        ; 0.000      ; 3.373      ;
; -2.581 ; contagem[0]   ; contagem[0] ; basic_divider:clk_div|temp     ; basic_divider:clk_div|temp ; 1.000        ; 0.000      ; 3.373      ;
; -2.312 ; contagem[5]   ; contagem[4] ; basic_divider:clk_div|temp     ; basic_divider:clk_div|temp ; 1.000        ; 0.000      ; 3.104      ;
; -2.312 ; contagem[5]   ; contagem[5] ; basic_divider:clk_div|temp     ; basic_divider:clk_div|temp ; 1.000        ; 0.000      ; 3.104      ;
; -2.312 ; contagem[5]   ; contagem[3] ; basic_divider:clk_div|temp     ; basic_divider:clk_div|temp ; 1.000        ; 0.000      ; 3.104      ;
; -2.312 ; contagem[5]   ; contagem[2] ; basic_divider:clk_div|temp     ; basic_divider:clk_div|temp ; 1.000        ; 0.000      ; 3.104      ;
; -2.312 ; contagem[5]   ; contagem[1] ; basic_divider:clk_div|temp     ; basic_divider:clk_div|temp ; 1.000        ; 0.000      ; 3.104      ;
; -2.312 ; contagem[5]   ; contagem[0] ; basic_divider:clk_div|temp     ; basic_divider:clk_div|temp ; 1.000        ; 0.000      ; 3.104      ;
; -2.198 ; contagem[2]   ; contagem[4] ; basic_divider:clk_div|temp     ; basic_divider:clk_div|temp ; 1.000        ; 0.000      ; 2.990      ;
; -2.198 ; contagem[2]   ; contagem[5] ; basic_divider:clk_div|temp     ; basic_divider:clk_div|temp ; 1.000        ; 0.000      ; 2.990      ;
; -2.198 ; contagem[2]   ; contagem[3] ; basic_divider:clk_div|temp     ; basic_divider:clk_div|temp ; 1.000        ; 0.000      ; 2.990      ;
; -2.198 ; contagem[2]   ; contagem[2] ; basic_divider:clk_div|temp     ; basic_divider:clk_div|temp ; 1.000        ; 0.000      ; 2.990      ;
; -2.198 ; contagem[2]   ; contagem[1] ; basic_divider:clk_div|temp     ; basic_divider:clk_div|temp ; 1.000        ; 0.000      ; 2.990      ;
; -2.198 ; contagem[2]   ; contagem[0] ; basic_divider:clk_div|temp     ; basic_divider:clk_div|temp ; 1.000        ; 0.000      ; 2.990      ;
; -0.714 ; ud_ff         ; contagem[4] ; debounce:deb_ud|result         ; basic_divider:clk_div|temp ; 1.000        ; 1.670      ; 3.176      ;
; -0.714 ; ud_ff         ; contagem[5] ; debounce:deb_ud|result         ; basic_divider:clk_div|temp ; 1.000        ; 1.670      ; 3.176      ;
; -0.714 ; ud_ff         ; contagem[3] ; debounce:deb_ud|result         ; basic_divider:clk_div|temp ; 1.000        ; 1.670      ; 3.176      ;
; -0.714 ; ud_ff         ; contagem[2] ; debounce:deb_ud|result         ; basic_divider:clk_div|temp ; 1.000        ; 1.670      ; 3.176      ;
; -0.714 ; ud_ff         ; contagem[1] ; debounce:deb_ud|result         ; basic_divider:clk_div|temp ; 1.000        ; 1.670      ; 3.176      ;
; -0.714 ; ud_ff         ; contagem[0] ; debounce:deb_ud|result         ; basic_divider:clk_div|temp ; 1.000        ; 1.670      ; 3.176      ;
; 0.297  ; start_stop_ff ; contagem[4] ; debounce:deb_start_stop|result ; basic_divider:clk_div|temp ; 1.000        ; 1.066      ; 1.561      ;
; 0.297  ; start_stop_ff ; contagem[5] ; debounce:deb_start_stop|result ; basic_divider:clk_div|temp ; 1.000        ; 1.066      ; 1.561      ;
; 0.297  ; start_stop_ff ; contagem[3] ; debounce:deb_start_stop|result ; basic_divider:clk_div|temp ; 1.000        ; 1.066      ; 1.561      ;
; 0.297  ; start_stop_ff ; contagem[2] ; debounce:deb_start_stop|result ; basic_divider:clk_div|temp ; 1.000        ; 1.066      ; 1.561      ;
; 0.297  ; start_stop_ff ; contagem[1] ; debounce:deb_start_stop|result ; basic_divider:clk_div|temp ; 1.000        ; 1.066      ; 1.561      ;
; 0.297  ; start_stop_ff ; contagem[0] ; debounce:deb_start_stop|result ; basic_divider:clk_div|temp ; 1.000        ; 1.066      ; 1.561      ;
+--------+---------------+-------------+--------------------------------+----------------------------+--------------+------------+------------+


+--------------------------------------------------------------------------------------------------------------------------------------------------------------------------------------------------+
; Setup: 'basic_divider:clk_div2|temp'                                                                                                                                                             ;
+--------+----------------------------------------+----------------------------------------+--------------------------------+-----------------------------+--------------+------------+------------+
; Slack  ; From Node                              ; To Node                                ; Launch Clock                   ; Latch Clock                 ; Relationship ; Clock Skew ; Data Delay ;
+--------+----------------------------------------+----------------------------------------+--------------------------------+-----------------------------+--------------+------------+------------+
; -1.068 ; debounce:deb_ud|counter_out[1]         ; debounce:deb_ud|result                 ; basic_divider:clk_div2|temp    ; basic_divider:clk_div2|temp ; 1.000        ; 0.000      ; 1.860      ;
; -0.939 ; debounce:deb_start_stop|counter_out[0] ; debounce:deb_start_stop|result         ; basic_divider:clk_div2|temp    ; basic_divider:clk_div2|temp ; 1.000        ; 0.000      ; 1.731      ;
; -0.872 ; debounce:deb_ud|counter_out[0]         ; debounce:deb_ud|result                 ; basic_divider:clk_div2|temp    ; basic_divider:clk_div2|temp ; 1.000        ; 0.000      ; 1.664      ;
; -0.790 ; debounce:deb_ud|counter_out[1]         ; debounce:deb_ud|counter_out[0]         ; basic_divider:clk_div2|temp    ; basic_divider:clk_div2|temp ; 1.000        ; 0.000      ; 1.582      ;
; -0.779 ; debounce:deb_ud|flipflops[0]           ; debounce:deb_ud|counter_out[0]         ; basic_divider:clk_div2|temp    ; basic_divider:clk_div2|temp ; 1.000        ; 0.000      ; 1.571      ;
; -0.775 ; debounce:deb_ud|flipflops[0]           ; debounce:deb_ud|counter_out[1]         ; basic_divider:clk_div2|temp    ; basic_divider:clk_div2|temp ; 1.000        ; 0.000      ; 1.567      ;
; -0.775 ; debounce:deb_ud|flipflops[0]           ; debounce:deb_ud|result                 ; basic_divider:clk_div2|temp    ; basic_divider:clk_div2|temp ; 1.000        ; 0.000      ; 1.567      ;
; -0.756 ; debounce:deb_start_stop|flipflops[1]   ; debounce:deb_start_stop|result         ; basic_divider:clk_div2|temp    ; basic_divider:clk_div2|temp ; 1.000        ; 0.000      ; 1.548      ;
; -0.755 ; debounce:deb_start_stop|flipflops[1]   ; debounce:deb_start_stop|counter_out[1] ; basic_divider:clk_div2|temp    ; basic_divider:clk_div2|temp ; 1.000        ; 0.000      ; 1.547      ;
; -0.755 ; debounce:deb_start_stop|flipflops[1]   ; debounce:deb_start_stop|counter_out[0] ; basic_divider:clk_div2|temp    ; basic_divider:clk_div2|temp ; 1.000        ; 0.000      ; 1.547      ;
; -0.714 ; debounce:deb_start_stop|counter_out[1] ; debounce:deb_start_stop|result         ; basic_divider:clk_div2|temp    ; basic_divider:clk_div2|temp ; 1.000        ; 0.000      ; 1.506      ;
; -0.708 ; debounce:deb_ud|flipflops[1]           ; debounce:deb_ud|result                 ; basic_divider:clk_div2|temp    ; basic_divider:clk_div2|temp ; 1.000        ; 0.000      ; 1.500      ;
; -0.707 ; debounce:deb_ud|flipflops[1]           ; debounce:deb_ud|counter_out[1]         ; basic_divider:clk_div2|temp    ; basic_divider:clk_div2|temp ; 1.000        ; 0.000      ; 1.499      ;
; -0.701 ; debounce:deb_start_stop|flipflops[0]   ; debounce:deb_start_stop|counter_out[1] ; basic_divider:clk_div2|temp    ; basic_divider:clk_div2|temp ; 1.000        ; 0.000      ; 1.493      ;
; -0.700 ; debounce:deb_ud|flipflops[1]           ; debounce:deb_ud|counter_out[0]         ; basic_divider:clk_div2|temp    ; basic_divider:clk_div2|temp ; 1.000        ; 0.000      ; 1.492      ;
; -0.698 ; debounce:deb_start_stop|flipflops[0]   ; debounce:deb_start_stop|counter_out[0] ; basic_divider:clk_div2|temp    ; basic_divider:clk_div2|temp ; 1.000        ; 0.000      ; 1.490      ;
; -0.571 ; debounce:deb_start_stop|flipflops[0]   ; debounce:deb_start_stop|result         ; basic_divider:clk_div2|temp    ; basic_divider:clk_div2|temp ; 1.000        ; 0.000      ; 1.363      ;
; -0.559 ; debounce:deb_start_stop|counter_out[0] ; debounce:deb_start_stop|counter_out[1] ; basic_divider:clk_div2|temp    ; basic_divider:clk_div2|temp ; 1.000        ; 0.000      ; 1.351      ;
; -0.556 ; debounce:deb_start_stop|counter_out[0] ; debounce:deb_start_stop|counter_out[0] ; basic_divider:clk_div2|temp    ; basic_divider:clk_div2|temp ; 1.000        ; 0.000      ; 1.348      ;
; -0.545 ; debounce:deb_ud|counter_out[1]         ; debounce:deb_ud|counter_out[1]         ; basic_divider:clk_div2|temp    ; basic_divider:clk_div2|temp ; 1.000        ; 0.000      ; 1.337      ;
; -0.417 ; debounce:deb_ud|counter_out[0]         ; debounce:deb_ud|counter_out[1]         ; basic_divider:clk_div2|temp    ; basic_divider:clk_div2|temp ; 1.000        ; 0.000      ; 1.209      ;
; -0.417 ; debounce:deb_ud|flipflops[0]           ; debounce:deb_ud|flipflops[1]           ; basic_divider:clk_div2|temp    ; basic_divider:clk_div2|temp ; 1.000        ; 0.000      ; 1.209      ;
; -0.409 ; debounce:deb_ud|counter_out[0]         ; debounce:deb_ud|counter_out[0]         ; basic_divider:clk_div2|temp    ; basic_divider:clk_div2|temp ; 1.000        ; 0.000      ; 1.201      ;
; -0.397 ; debounce:deb_start_stop|counter_out[1] ; debounce:deb_start_stop|counter_out[0] ; basic_divider:clk_div2|temp    ; basic_divider:clk_div2|temp ; 1.000        ; 0.000      ; 1.189      ;
; -0.395 ; debounce:deb_start_stop|counter_out[1] ; debounce:deb_start_stop|counter_out[1] ; basic_divider:clk_div2|temp    ; basic_divider:clk_div2|temp ; 1.000        ; 0.000      ; 1.187      ;
; -0.241 ; debounce:deb_start_stop|flipflops[0]   ; debounce:deb_start_stop|flipflops[1]   ; basic_divider:clk_div2|temp    ; basic_divider:clk_div2|temp ; 1.000        ; 0.000      ; 1.033      ;
; 1.559  ; debounce:deb_start_stop|result         ; debounce:deb_start_stop|result         ; debounce:deb_start_stop|result ; basic_divider:clk_div2|temp ; 0.500        ; 2.735      ; 1.703      ;
; 1.928  ; debounce:deb_ud|result                 ; debounce:deb_ud|result                 ; debounce:deb_ud|result         ; basic_divider:clk_div2|temp ; 0.500        ; 2.735      ; 1.334      ;
; 2.059  ; debounce:deb_start_stop|result         ; debounce:deb_start_stop|result         ; debounce:deb_start_stop|result ; basic_divider:clk_div2|temp ; 1.000        ; 2.735      ; 1.703      ;
; 2.428  ; debounce:deb_ud|result                 ; debounce:deb_ud|result                 ; debounce:deb_ud|result         ; basic_divider:clk_div2|temp ; 1.000        ; 2.735      ; 1.334      ;
+--------+----------------------------------------+----------------------------------------+--------------------------------+-----------------------------+--------------+------------+------------+


+---------------------------------------------------------------------------------------------------------------------------------------------------+
; Setup: 'debounce:deb_start_stop|result'                                                                                                           ;
+--------+---------------+---------------+--------------------------------+--------------------------------+--------------+------------+------------+
; Slack  ; From Node     ; To Node       ; Launch Clock                   ; Latch Clock                    ; Relationship ; Clock Skew ; Data Delay ;
+--------+---------------+---------------+--------------------------------+--------------------------------+--------------+------------+------------+
; -0.547 ; start_stop_ff ; start_stop_ff ; debounce:deb_start_stop|result ; debounce:deb_start_stop|result ; 1.000        ; 0.000      ; 1.339      ;
+--------+---------------+---------------+--------------------------------+--------------------------------+--------------+------------+------------+


+-------------------------------------------------------------------------------------------------------------------------+
; Setup: 'debounce:deb_ud|result'                                                                                         ;
+--------+-----------+---------+------------------------+------------------------+--------------+------------+------------+
; Slack  ; From Node ; To Node ; Launch Clock           ; Latch Clock            ; Relationship ; Clock Skew ; Data Delay ;
+--------+-----------+---------+------------------------+------------------------+--------------+------------+------------+
; -0.393 ; ud_ff     ; ud_ff   ; debounce:deb_ud|result ; debounce:deb_ud|result ; 1.000        ; 0.000      ; 1.185      ;
+--------+-----------+---------+------------------------+------------------------+--------------+------------+------------+


+--------------------------------------------------------------------------------------------------------------------------------------------------------------------------------------------------+
; Hold: 'basic_divider:clk_div2|temp'                                                                                                                                                              ;
+--------+----------------------------------------+----------------------------------------+--------------------------------+-----------------------------+--------------+------------+------------+
; Slack  ; From Node                              ; To Node                                ; Launch Clock                   ; Latch Clock                 ; Relationship ; Clock Skew ; Data Delay ;
+--------+----------------------------------------+----------------------------------------+--------------------------------+-----------------------------+--------------+------------+------------+
; -1.774 ; debounce:deb_ud|result                 ; debounce:deb_ud|result                 ; debounce:deb_ud|result         ; basic_divider:clk_div2|temp ; 0.000        ; 2.735      ; 1.334      ;
; -1.405 ; debounce:deb_start_stop|result         ; debounce:deb_start_stop|result         ; debounce:deb_start_stop|result ; basic_divider:clk_div2|temp ; 0.000        ; 2.735      ; 1.703      ;
; -1.274 ; debounce:deb_ud|result                 ; debounce:deb_ud|result                 ; debounce:deb_ud|result         ; basic_divider:clk_div2|temp ; -0.500       ; 2.735      ; 1.334      ;
; -0.905 ; debounce:deb_start_stop|result         ; debounce:deb_start_stop|result         ; debounce:deb_start_stop|result ; basic_divider:clk_div2|temp ; -0.500       ; 2.735      ; 1.703      ;
; 0.895  ; debounce:deb_start_stop|flipflops[0]   ; debounce:deb_start_stop|flipflops[1]   ; basic_divider:clk_div2|temp    ; basic_divider:clk_div2|temp ; 0.000        ; 0.000      ; 1.033      ;
; 1.049  ; debounce:deb_start_stop|counter_out[1] ; debounce:deb_start_stop|counter_out[1] ; basic_divider:clk_div2|temp    ; basic_divider:clk_div2|temp ; 0.000        ; 0.000      ; 1.187      ;
; 1.051  ; debounce:deb_start_stop|counter_out[1] ; debounce:deb_start_stop|counter_out[0] ; basic_divider:clk_div2|temp    ; basic_divider:clk_div2|temp ; 0.000        ; 0.000      ; 1.189      ;
; 1.063  ; debounce:deb_ud|counter_out[0]         ; debounce:deb_ud|counter_out[0]         ; basic_divider:clk_div2|temp    ; basic_divider:clk_div2|temp ; 0.000        ; 0.000      ; 1.201      ;
; 1.071  ; debounce:deb_ud|counter_out[0]         ; debounce:deb_ud|counter_out[1]         ; basic_divider:clk_div2|temp    ; basic_divider:clk_div2|temp ; 0.000        ; 0.000      ; 1.209      ;
; 1.071  ; debounce:deb_ud|flipflops[0]           ; debounce:deb_ud|flipflops[1]           ; basic_divider:clk_div2|temp    ; basic_divider:clk_div2|temp ; 0.000        ; 0.000      ; 1.209      ;
; 1.199  ; debounce:deb_ud|counter_out[1]         ; debounce:deb_ud|counter_out[1]         ; basic_divider:clk_div2|temp    ; basic_divider:clk_div2|temp ; 0.000        ; 0.000      ; 1.337      ;
; 1.210  ; debounce:deb_start_stop|counter_out[0] ; debounce:deb_start_stop|counter_out[0] ; basic_divider:clk_div2|temp    ; basic_divider:clk_div2|temp ; 0.000        ; 0.000      ; 1.348      ;
; 1.213  ; debounce:deb_start_stop|counter_out[0] ; debounce:deb_start_stop|counter_out[1] ; basic_divider:clk_div2|temp    ; basic_divider:clk_div2|temp ; 0.000        ; 0.000      ; 1.351      ;
; 1.225  ; debounce:deb_start_stop|flipflops[0]   ; debounce:deb_start_stop|result         ; basic_divider:clk_div2|temp    ; basic_divider:clk_div2|temp ; 0.000        ; 0.000      ; 1.363      ;
; 1.352  ; debounce:deb_start_stop|flipflops[0]   ; debounce:deb_start_stop|counter_out[0] ; basic_divider:clk_div2|temp    ; basic_divider:clk_div2|temp ; 0.000        ; 0.000      ; 1.490      ;
; 1.354  ; debounce:deb_ud|flipflops[1]           ; debounce:deb_ud|counter_out[0]         ; basic_divider:clk_div2|temp    ; basic_divider:clk_div2|temp ; 0.000        ; 0.000      ; 1.492      ;
; 1.355  ; debounce:deb_start_stop|flipflops[0]   ; debounce:deb_start_stop|counter_out[1] ; basic_divider:clk_div2|temp    ; basic_divider:clk_div2|temp ; 0.000        ; 0.000      ; 1.493      ;
; 1.361  ; debounce:deb_ud|flipflops[1]           ; debounce:deb_ud|counter_out[1]         ; basic_divider:clk_div2|temp    ; basic_divider:clk_div2|temp ; 0.000        ; 0.000      ; 1.499      ;
; 1.362  ; debounce:deb_ud|flipflops[1]           ; debounce:deb_ud|result                 ; basic_divider:clk_div2|temp    ; basic_divider:clk_div2|temp ; 0.000        ; 0.000      ; 1.500      ;
; 1.368  ; debounce:deb_start_stop|counter_out[1] ; debounce:deb_start_stop|result         ; basic_divider:clk_div2|temp    ; basic_divider:clk_div2|temp ; 0.000        ; 0.000      ; 1.506      ;
; 1.409  ; debounce:deb_start_stop|flipflops[1]   ; debounce:deb_start_stop|counter_out[1] ; basic_divider:clk_div2|temp    ; basic_divider:clk_div2|temp ; 0.000        ; 0.000      ; 1.547      ;
; 1.409  ; debounce:deb_start_stop|flipflops[1]   ; debounce:deb_start_stop|counter_out[0] ; basic_divider:clk_div2|temp    ; basic_divider:clk_div2|temp ; 0.000        ; 0.000      ; 1.547      ;
; 1.410  ; debounce:deb_start_stop|flipflops[1]   ; debounce:deb_start_stop|result         ; basic_divider:clk_div2|temp    ; basic_divider:clk_div2|temp ; 0.000        ; 0.000      ; 1.548      ;
; 1.429  ; debounce:deb_ud|flipflops[0]           ; debounce:deb_ud|counter_out[1]         ; basic_divider:clk_div2|temp    ; basic_divider:clk_div2|temp ; 0.000        ; 0.000      ; 1.567      ;
; 1.429  ; debounce:deb_ud|flipflops[0]           ; debounce:deb_ud|result                 ; basic_divider:clk_div2|temp    ; basic_divider:clk_div2|temp ; 0.000        ; 0.000      ; 1.567      ;
; 1.433  ; debounce:deb_ud|flipflops[0]           ; debounce:deb_ud|counter_out[0]         ; basic_divider:clk_div2|temp    ; basic_divider:clk_div2|temp ; 0.000        ; 0.000      ; 1.571      ;
; 1.444  ; debounce:deb_ud|counter_out[1]         ; debounce:deb_ud|counter_out[0]         ; basic_divider:clk_div2|temp    ; basic_divider:clk_div2|temp ; 0.000        ; 0.000      ; 1.582      ;
; 1.526  ; debounce:deb_ud|counter_out[0]         ; debounce:deb_ud|result                 ; basic_divider:clk_div2|temp    ; basic_divider:clk_div2|temp ; 0.000        ; 0.000      ; 1.664      ;
; 1.593  ; debounce:deb_start_stop|counter_out[0] ; debounce:deb_start_stop|result         ; basic_divider:clk_div2|temp    ; basic_divider:clk_div2|temp ; 0.000        ; 0.000      ; 1.731      ;
; 1.722  ; debounce:deb_ud|counter_out[1]         ; debounce:deb_ud|result                 ; basic_divider:clk_div2|temp    ; basic_divider:clk_div2|temp ; 0.000        ; 0.000      ; 1.860      ;
+--------+----------------------------------------+----------------------------------------+--------------------------------+-----------------------------+--------------+------------+------------+


+---------------------------------------------------------------------------------------------------------------------------------------------------------------------------------+
; Hold: 'clk_50M'                                                                                                                                                                 ;
+--------+-----------------------------------------+-----------------------------------------+-----------------------------+-------------+--------------+------------+------------+
; Slack  ; From Node                               ; To Node                                 ; Launch Clock                ; Latch Clock ; Relationship ; Clock Skew ; Data Delay ;
+--------+-----------------------------------------+-----------------------------------------+-----------------------------+-------------+--------------+------------+------------+
; -1.136 ; basic_divider:clk_div2|temp             ; basic_divider:clk_div2|temp             ; basic_divider:clk_div2|temp ; clk_50M     ; 0.000        ; 2.093      ; 1.330      ;
; -0.946 ; basic_divider:clk_div|temp              ; basic_divider:clk_div|temp              ; basic_divider:clk_div|temp  ; clk_50M     ; 0.000        ; 2.093      ; 1.520      ;
; -0.636 ; basic_divider:clk_div2|temp             ; basic_divider:clk_div2|temp             ; basic_divider:clk_div2|temp ; clk_50M     ; -0.500       ; 2.093      ; 1.330      ;
; -0.446 ; basic_divider:clk_div|temp              ; basic_divider:clk_div|temp              ; basic_divider:clk_div|temp  ; clk_50M     ; -0.500       ; 2.093      ; 1.520      ;
; 1.784  ; basic_divider:clk_div|\P_div:count[23]  ; basic_divider:clk_div|\P_div:count[23]  ; clk_50M                     ; clk_50M     ; 0.000        ; 0.000      ; 1.922      ;
; 1.940  ; basic_divider:clk_div|\P_div:count[5]   ; basic_divider:clk_div|\P_div:count[5]   ; clk_50M                     ; clk_50M     ; 0.000        ; 0.000      ; 2.078      ;
; 2.298  ; basic_divider:clk_div|\P_div:count[3]   ; basic_divider:clk_div|\P_div:count[3]   ; clk_50M                     ; clk_50M     ; 0.000        ; 0.000      ; 2.436      ;
; 2.467  ; basic_divider:clk_div2|\P_div:count[11] ; basic_divider:clk_div2|\P_div:count[11] ; clk_50M                     ; clk_50M     ; 0.000        ; 0.000      ; 2.605      ;
; 2.468  ; basic_divider:clk_div|\P_div:count[4]   ; basic_divider:clk_div|\P_div:count[4]   ; clk_50M                     ; clk_50M     ; 0.000        ; 0.000      ; 2.606      ;
; 2.469  ; basic_divider:clk_div|\P_div:count[1]   ; basic_divider:clk_div|\P_div:count[1]   ; clk_50M                     ; clk_50M     ; 0.000        ; 0.000      ; 2.607      ;
; 2.480  ; basic_divider:clk_div|\P_div:count[2]   ; basic_divider:clk_div|\P_div:count[2]   ; clk_50M                     ; clk_50M     ; 0.000        ; 0.000      ; 2.618      ;
; 2.689  ; basic_divider:clk_div|\P_div:count[4]   ; basic_divider:clk_div|\P_div:count[5]   ; clk_50M                     ; clk_50M     ; 0.000        ; 0.000      ; 2.827      ;
; 2.717  ; basic_divider:clk_div2|\P_div:count[17] ; basic_divider:clk_div2|\P_div:count[16] ; clk_50M                     ; clk_50M     ; 0.000        ; 0.000      ; 2.855      ;
; 2.720  ; basic_divider:clk_div2|\P_div:count[13] ; basic_divider:clk_div2|\P_div:count[13] ; clk_50M                     ; clk_50M     ; 0.000        ; 0.000      ; 2.858      ;
; 2.745  ; basic_divider:clk_div2|\P_div:count[16] ; basic_divider:clk_div2|\P_div:count[16] ; clk_50M                     ; clk_50M     ; 0.000        ; 0.000      ; 2.883      ;
; 2.758  ; basic_divider:clk_div|\P_div:count[3]   ; basic_divider:clk_div|\P_div:count[5]   ; clk_50M                     ; clk_50M     ; 0.000        ; 0.000      ; 2.896      ;
; 2.778  ; basic_divider:clk_div2|\P_div:count[4]  ; basic_divider:clk_div2|\P_div:count[4]  ; clk_50M                     ; clk_50M     ; 0.000        ; 0.000      ; 2.916      ;
; 2.813  ; basic_divider:clk_div|\P_div:count[2]   ; basic_divider:clk_div|\P_div:count[3]   ; clk_50M                     ; clk_50M     ; 0.000        ; 0.000      ; 2.951      ;
; 2.814  ; basic_divider:clk_div|\P_div:count[0]   ; basic_divider:clk_div|\P_div:count[0]   ; clk_50M                     ; clk_50M     ; 0.000        ; 0.000      ; 2.952      ;
; 2.838  ; basic_divider:clk_div|\P_div:count[2]   ; basic_divider:clk_div|\P_div:count[5]   ; clk_50M                     ; clk_50M     ; 0.000        ; 0.000      ; 2.976      ;
; 2.879  ; basic_divider:clk_div|\P_div:count[6]   ; basic_divider:clk_div|\P_div:count[6]   ; clk_50M                     ; clk_50M     ; 0.000        ; 0.000      ; 3.017      ;
; 2.900  ; basic_divider:clk_div|\P_div:count[22]  ; basic_divider:clk_div|\P_div:count[23]  ; clk_50M                     ; clk_50M     ; 0.000        ; 0.000      ; 3.038      ;
; 2.914  ; basic_divider:clk_div2|\P_div:count[9]  ; basic_divider:clk_div2|\P_div:count[9]  ; clk_50M                     ; clk_50M     ; 0.000        ; 0.000      ; 3.052      ;
; 2.934  ; basic_divider:clk_div|\P_div:count[1]   ; basic_divider:clk_div|\P_div:count[5]   ; clk_50M                     ; clk_50M     ; 0.000        ; 0.000      ; 3.072      ;
; 2.972  ; basic_divider:clk_div|\P_div:count[3]   ; basic_divider:clk_div|\P_div:count[4]   ; clk_50M                     ; clk_50M     ; 0.000        ; 0.000      ; 3.110      ;
; 2.995  ; basic_divider:clk_div|\P_div:count[24]  ; basic_divider:clk_div|\P_div:count[24]  ; clk_50M                     ; clk_50M     ; 0.000        ; 0.000      ; 3.133      ;
; 3.026  ; basic_divider:clk_div|\P_div:count[7]   ; basic_divider:clk_div|\P_div:count[7]   ; clk_50M                     ; clk_50M     ; 0.000        ; 0.000      ; 3.164      ;
; 3.026  ; basic_divider:clk_div|\P_div:count[5]   ; basic_divider:clk_div|\P_div:count[6]   ; clk_50M                     ; clk_50M     ; 0.000        ; 0.000      ; 3.164      ;
; 3.046  ; basic_divider:clk_div|\P_div:count[17]  ; basic_divider:clk_div|\P_div:count[17]  ; clk_50M                     ; clk_50M     ; 0.000        ; 0.000      ; 3.184      ;
; 3.047  ; basic_divider:clk_div|\P_div:count[1]   ; basic_divider:clk_div|\P_div:count[3]   ; clk_50M                     ; clk_50M     ; 0.000        ; 0.000      ; 3.185      ;
; 3.052  ; basic_divider:clk_div|\P_div:count[2]   ; basic_divider:clk_div|\P_div:count[4]   ; clk_50M                     ; clk_50M     ; 0.000        ; 0.000      ; 3.190      ;
; 3.077  ; basic_divider:clk_div|\P_div:count[0]   ; basic_divider:clk_div|\P_div:count[5]   ; clk_50M                     ; clk_50M     ; 0.000        ; 0.000      ; 3.215      ;
; 3.078  ; basic_divider:clk_div2|\P_div:count[10] ; basic_divider:clk_div2|\P_div:count[11] ; clk_50M                     ; clk_50M     ; 0.000        ; 0.000      ; 3.216      ;
; 3.091  ; basic_divider:clk_div2|\P_div:count[5]  ; basic_divider:clk_div2|\P_div:count[5]  ; clk_50M                     ; clk_50M     ; 0.000        ; 0.000      ; 3.229      ;
; 3.091  ; basic_divider:clk_div|\P_div:count[0]   ; basic_divider:clk_div|\P_div:count[1]   ; clk_50M                     ; clk_50M     ; 0.000        ; 0.000      ; 3.229      ;
; 3.112  ; basic_divider:clk_div2|\P_div:count[2]  ; basic_divider:clk_div2|\P_div:count[2]  ; clk_50M                     ; clk_50M     ; 0.000        ; 0.000      ; 3.250      ;
; 3.118  ; basic_divider:clk_div|\P_div:count[15]  ; basic_divider:clk_div|\P_div:count[15]  ; clk_50M                     ; clk_50M     ; 0.000        ; 0.000      ; 3.256      ;
; 3.121  ; basic_divider:clk_div|\P_div:count[9]   ; basic_divider:clk_div|\P_div:count[9]   ; clk_50M                     ; clk_50M     ; 0.000        ; 0.000      ; 3.259      ;
; 3.122  ; basic_divider:clk_div2|\P_div:count[10] ; basic_divider:clk_div2|\P_div:count[10] ; clk_50M                     ; clk_50M     ; 0.000        ; 0.000      ; 3.260      ;
; 3.143  ; basic_divider:clk_div2|\P_div:count[9]  ; basic_divider:clk_div2|\P_div:count[11] ; clk_50M                     ; clk_50M     ; 0.000        ; 0.000      ; 3.281      ;
; 3.144  ; basic_divider:clk_div2|\P_div:count[4]  ; basic_divider:clk_div2|\P_div:count[5]  ; clk_50M                     ; clk_50M     ; 0.000        ; 0.000      ; 3.282      ;
; 3.149  ; basic_divider:clk_div2|\P_div:count[16] ; basic_divider:clk_div2|temp             ; clk_50M                     ; clk_50M     ; 0.000        ; 0.000      ; 3.287      ;
; 3.149  ; basic_divider:clk_div2|\P_div:count[16] ; basic_divider:clk_div2|\P_div:count[12] ; clk_50M                     ; clk_50M     ; 0.000        ; 0.000      ; 3.287      ;
; 3.150  ; basic_divider:clk_div2|\P_div:count[16] ; basic_divider:clk_div2|\P_div:count[17] ; clk_50M                     ; clk_50M     ; 0.000        ; 0.000      ; 3.288      ;
; 3.150  ; basic_divider:clk_div2|\P_div:count[7]  ; basic_divider:clk_div2|\P_div:count[8]  ; clk_50M                     ; clk_50M     ; 0.000        ; 0.000      ; 3.288      ;
; 3.153  ; basic_divider:clk_div2|\P_div:count[16] ; basic_divider:clk_div2|\P_div:count[14] ; clk_50M                     ; clk_50M     ; 0.000        ; 0.000      ; 3.291      ;
; 3.158  ; basic_divider:clk_div|\P_div:count[20]  ; basic_divider:clk_div|\P_div:count[23]  ; clk_50M                     ; clk_50M     ; 0.000        ; 0.000      ; 3.296      ;
; 3.163  ; basic_divider:clk_div|\P_div:count[5]   ; basic_divider:clk_div|\P_div:count[23]  ; clk_50M                     ; clk_50M     ; 0.000        ; 0.000      ; 3.301      ;
; 3.164  ; basic_divider:clk_div2|\P_div:count[7]  ; basic_divider:clk_div2|\P_div:count[7]  ; clk_50M                     ; clk_50M     ; 0.000        ; 0.000      ; 3.302      ;
; 3.165  ; basic_divider:clk_div|\P_div:count[23]  ; basic_divider:clk_div|\P_div:count[24]  ; clk_50M                     ; clk_50M     ; 0.000        ; 0.000      ; 3.303      ;
; 3.168  ; basic_divider:clk_div2|\P_div:count[8]  ; basic_divider:clk_div2|\P_div:count[8]  ; clk_50M                     ; clk_50M     ; 0.000        ; 0.000      ; 3.306      ;
; 3.182  ; basic_divider:clk_div|\P_div:count[10]  ; basic_divider:clk_div|\P_div:count[10]  ; clk_50M                     ; clk_50M     ; 0.000        ; 0.000      ; 3.320      ;
; 3.183  ; basic_divider:clk_div2|\P_div:count[17] ; basic_divider:clk_div2|\P_div:count[12] ; clk_50M                     ; clk_50M     ; 0.000        ; 0.000      ; 3.321      ;
; 3.184  ; basic_divider:clk_div2|\P_div:count[17] ; basic_divider:clk_div2|\P_div:count[17] ; clk_50M                     ; clk_50M     ; 0.000        ; 0.000      ; 3.322      ;
; 3.186  ; basic_divider:clk_div2|\P_div:count[17] ; basic_divider:clk_div2|\P_div:count[4]  ; clk_50M                     ; clk_50M     ; 0.000        ; 0.000      ; 3.324      ;
; 3.188  ; basic_divider:clk_div2|\P_div:count[17] ; basic_divider:clk_div2|\P_div:count[7]  ; clk_50M                     ; clk_50M     ; 0.000        ; 0.000      ; 3.326      ;
; 3.189  ; basic_divider:clk_div2|\P_div:count[17] ; basic_divider:clk_div2|\P_div:count[14] ; clk_50M                     ; clk_50M     ; 0.000        ; 0.000      ; 3.327      ;
; 3.189  ; basic_divider:clk_div2|\P_div:count[17] ; basic_divider:clk_div2|\P_div:count[15] ; clk_50M                     ; clk_50M     ; 0.000        ; 0.000      ; 3.327      ;
; 3.190  ; basic_divider:clk_div|\P_div:count[0]   ; basic_divider:clk_div|\P_div:count[3]   ; clk_50M                     ; clk_50M     ; 0.000        ; 0.000      ; 3.328      ;
; 3.191  ; basic_divider:clk_div|\P_div:count[8]   ; basic_divider:clk_div|\P_div:count[8]   ; clk_50M                     ; clk_50M     ; 0.000        ; 0.000      ; 3.329      ;
; 3.211  ; basic_divider:clk_div2|\P_div:count[16] ; basic_divider:clk_div2|\P_div:count[4]  ; clk_50M                     ; clk_50M     ; 0.000        ; 0.000      ; 3.349      ;
; 3.213  ; basic_divider:clk_div2|\P_div:count[16] ; basic_divider:clk_div2|\P_div:count[7]  ; clk_50M                     ; clk_50M     ; 0.000        ; 0.000      ; 3.351      ;
; 3.214  ; basic_divider:clk_div2|\P_div:count[16] ; basic_divider:clk_div2|\P_div:count[15] ; clk_50M                     ; clk_50M     ; 0.000        ; 0.000      ; 3.352      ;
; 3.217  ; basic_divider:clk_div|\P_div:count[1]   ; basic_divider:clk_div|\P_div:count[4]   ; clk_50M                     ; clk_50M     ; 0.000        ; 0.000      ; 3.355      ;
; 3.218  ; basic_divider:clk_div|\P_div:count[1]   ; basic_divider:clk_div|\P_div:count[2]   ; clk_50M                     ; clk_50M     ; 0.000        ; 0.000      ; 3.356      ;
; 3.256  ; basic_divider:clk_div2|\P_div:count[6]  ; basic_divider:clk_div2|\P_div:count[6]  ; clk_50M                     ; clk_50M     ; 0.000        ; 0.000      ; 3.394      ;
; 3.258  ; basic_divider:clk_div|\P_div:count[19]  ; basic_divider:clk_div|\P_div:count[23]  ; clk_50M                     ; clk_50M     ; 0.000        ; 0.000      ; 3.396      ;
; 3.312  ; basic_divider:clk_div2|\P_div:count[11] ; basic_divider:clk_div2|\P_div:count[13] ; clk_50M                     ; clk_50M     ; 0.000        ; 0.000      ; 3.450      ;
; 3.323  ; basic_divider:clk_div|\P_div:count[18]  ; basic_divider:clk_div|\P_div:count[23]  ; clk_50M                     ; clk_50M     ; 0.000        ; 0.000      ; 3.461      ;
; 3.333  ; basic_divider:clk_div|\P_div:count[20]  ; basic_divider:clk_div|\P_div:count[20]  ; clk_50M                     ; clk_50M     ; 0.000        ; 0.000      ; 3.471      ;
; 3.340  ; basic_divider:clk_div2|\P_div:count[13] ; basic_divider:clk_div2|\P_div:count[16] ; clk_50M                     ; clk_50M     ; 0.000        ; 0.000      ; 3.478      ;
; 3.340  ; basic_divider:clk_div|\P_div:count[4]   ; basic_divider:clk_div|\P_div:count[6]   ; clk_50M                     ; clk_50M     ; 0.000        ; 0.000      ; 3.478      ;
; 3.360  ; basic_divider:clk_div|\P_div:count[0]   ; basic_divider:clk_div|\P_div:count[4]   ; clk_50M                     ; clk_50M     ; 0.000        ; 0.000      ; 3.498      ;
; 3.361  ; basic_divider:clk_div|\P_div:count[0]   ; basic_divider:clk_div|\P_div:count[2]   ; clk_50M                     ; clk_50M     ; 0.000        ; 0.000      ; 3.499      ;
; 3.363  ; basic_divider:clk_div2|\P_div:count[4]  ; basic_divider:clk_div2|\P_div:count[8]  ; clk_50M                     ; clk_50M     ; 0.000        ; 0.000      ; 3.501      ;
; 3.366  ; basic_divider:clk_div|\P_div:count[16]  ; basic_divider:clk_div|\P_div:count[23]  ; clk_50M                     ; clk_50M     ; 0.000        ; 0.000      ; 3.504      ;
; 3.386  ; basic_divider:clk_div|\P_div:count[11]  ; basic_divider:clk_div|\P_div:count[11]  ; clk_50M                     ; clk_50M     ; 0.000        ; 0.000      ; 3.524      ;
; 3.406  ; basic_divider:clk_div|\P_div:count[14]  ; basic_divider:clk_div|\P_div:count[14]  ; clk_50M                     ; clk_50M     ; 0.000        ; 0.000      ; 3.544      ;
; 3.409  ; basic_divider:clk_div|\P_div:count[3]   ; basic_divider:clk_div|\P_div:count[6]   ; clk_50M                     ; clk_50M     ; 0.000        ; 0.000      ; 3.547      ;
; 3.414  ; basic_divider:clk_div|\P_div:count[16]  ; basic_divider:clk_div|\P_div:count[16]  ; clk_50M                     ; clk_50M     ; 0.000        ; 0.000      ; 3.552      ;
; 3.423  ; basic_divider:clk_div|\P_div:count[17]  ; basic_divider:clk_div|\P_div:count[23]  ; clk_50M                     ; clk_50M     ; 0.000        ; 0.000      ; 3.561      ;
; 3.448  ; basic_divider:clk_div|\P_div:count[5]   ; basic_divider:clk_div|\P_div:count[7]   ; clk_50M                     ; clk_50M     ; 0.000        ; 0.000      ; 3.586      ;
; 3.453  ; basic_divider:clk_div2|\P_div:count[11] ; basic_divider:clk_div2|\P_div:count[16] ; clk_50M                     ; clk_50M     ; 0.000        ; 0.000      ; 3.591      ;
; 3.454  ; basic_divider:clk_div|\P_div:count[15]  ; basic_divider:clk_div|\P_div:count[23]  ; clk_50M                     ; clk_50M     ; 0.000        ; 0.000      ; 3.592      ;
; 3.461  ; basic_divider:clk_div2|\P_div:count[7]  ; basic_divider:clk_div2|\P_div:count[11] ; clk_50M                     ; clk_50M     ; 0.000        ; 0.000      ; 3.599      ;
; 3.462  ; basic_divider:clk_div|\P_div:count[5]   ; basic_divider:clk_div|\P_div:count[15]  ; clk_50M                     ; clk_50M     ; 0.000        ; 0.000      ; 3.600      ;
; 3.466  ; basic_divider:clk_div|\P_div:count[5]   ; basic_divider:clk_div|\P_div:count[9]   ; clk_50M                     ; clk_50M     ; 0.000        ; 0.000      ; 3.604      ;
; 3.477  ; basic_divider:clk_div|\P_div:count[4]   ; basic_divider:clk_div|\P_div:count[23]  ; clk_50M                     ; clk_50M     ; 0.000        ; 0.000      ; 3.615      ;
; 3.477  ; basic_divider:clk_div2|\P_div:count[4]  ; basic_divider:clk_div2|\P_div:count[6]  ; clk_50M                     ; clk_50M     ; 0.000        ; 0.000      ; 3.615      ;
; 3.483  ; basic_divider:clk_div|\P_div:count[6]   ; basic_divider:clk_div|\P_div:count[23]  ; clk_50M                     ; clk_50M     ; 0.000        ; 0.000      ; 3.621      ;
; 3.488  ; basic_divider:clk_div2|\P_div:count[10] ; basic_divider:clk_div2|\P_div:count[13] ; clk_50M                     ; clk_50M     ; 0.000        ; 0.000      ; 3.626      ;
; 3.489  ; basic_divider:clk_div|\P_div:count[2]   ; basic_divider:clk_div|\P_div:count[6]   ; clk_50M                     ; clk_50M     ; 0.000        ; 0.000      ; 3.627      ;
; 3.516  ; basic_divider:clk_div|\P_div:count[1]   ; basic_divider:clk_div|\P_div:count[6]   ; clk_50M                     ; clk_50M     ; 0.000        ; 0.000      ; 3.654      ;
; 3.518  ; basic_divider:clk_div|\P_div:count[11]  ; basic_divider:clk_div|\P_div:count[23]  ; clk_50M                     ; clk_50M     ; 0.000        ; 0.000      ; 3.656      ;
; 3.522  ; basic_divider:clk_div|\P_div:count[1]   ; basic_divider:clk_div|\P_div:count[23]  ; clk_50M                     ; clk_50M     ; 0.000        ; 0.000      ; 3.660      ;
; 3.526  ; basic_divider:clk_div|\P_div:count[19]  ; basic_divider:clk_div|\P_div:count[19]  ; clk_50M                     ; clk_50M     ; 0.000        ; 0.000      ; 3.664      ;
; 3.527  ; basic_divider:clk_div|\P_div:count[13]  ; basic_divider:clk_div|\P_div:count[23]  ; clk_50M                     ; clk_50M     ; 0.000        ; 0.000      ; 3.665      ;
; 3.533  ; basic_divider:clk_div|\P_div:count[21]  ; basic_divider:clk_div|\P_div:count[23]  ; clk_50M                     ; clk_50M     ; 0.000        ; 0.000      ; 3.671      ;
; 3.534  ; basic_divider:clk_div|\P_div:count[14]  ; basic_divider:clk_div|\P_div:count[23]  ; clk_50M                     ; clk_50M     ; 0.000        ; 0.000      ; 3.672      ;
; 3.540  ; basic_divider:clk_div|\P_div:count[5]   ; basic_divider:clk_div|\P_div:count[10]  ; clk_50M                     ; clk_50M     ; 0.000        ; 0.000      ; 3.678      ;
+--------+-----------------------------------------+-----------------------------------------+-----------------------------+-------------+--------------+------------+------------+


+---------------------------------------------------------------------------------------------------------------------------------------------+
; Hold: 'basic_divider:clk_div|temp'                                                                                                          ;
+--------+---------------+-------------+--------------------------------+----------------------------+--------------+------------+------------+
; Slack  ; From Node     ; To Node     ; Launch Clock                   ; Latch Clock                ; Relationship ; Clock Skew ; Data Delay ;
+--------+---------------+-------------+--------------------------------+----------------------------+--------------+------------+------------+
; -0.126 ; ud_ff         ; contagem[1] ; debounce:deb_ud|result         ; basic_divider:clk_div|temp ; 0.000        ; 1.670      ; 1.682      ;
; -0.126 ; ud_ff         ; contagem[0] ; debounce:deb_ud|result         ; basic_divider:clk_div|temp ; 0.000        ; 1.670      ; 1.682      ;
; -0.125 ; ud_ff         ; contagem[3] ; debounce:deb_ud|result         ; basic_divider:clk_div|temp ; 0.000        ; 1.670      ; 1.683      ;
; -0.118 ; ud_ff         ; contagem[5] ; debounce:deb_ud|result         ; basic_divider:clk_div|temp ; 0.000        ; 1.670      ; 1.690      ;
; -0.117 ; ud_ff         ; contagem[4] ; debounce:deb_ud|result         ; basic_divider:clk_div|temp ; 0.000        ; 1.670      ; 1.691      ;
; -0.035 ; ud_ff         ; contagem[2] ; debounce:deb_ud|result         ; basic_divider:clk_div|temp ; 0.000        ; 1.670      ; 1.773      ;
; 0.357  ; start_stop_ff ; contagem[4] ; debounce:deb_start_stop|result ; basic_divider:clk_div|temp ; 0.000        ; 1.066      ; 1.561      ;
; 0.357  ; start_stop_ff ; contagem[5] ; debounce:deb_start_stop|result ; basic_divider:clk_div|temp ; 0.000        ; 1.066      ; 1.561      ;
; 0.357  ; start_stop_ff ; contagem[3] ; debounce:deb_start_stop|result ; basic_divider:clk_div|temp ; 0.000        ; 1.066      ; 1.561      ;
; 0.357  ; start_stop_ff ; contagem[2] ; debounce:deb_start_stop|result ; basic_divider:clk_div|temp ; 0.000        ; 1.066      ; 1.561      ;
; 0.357  ; start_stop_ff ; contagem[1] ; debounce:deb_start_stop|result ; basic_divider:clk_div|temp ; 0.000        ; 1.066      ; 1.561      ;
; 0.357  ; start_stop_ff ; contagem[0] ; debounce:deb_start_stop|result ; basic_divider:clk_div|temp ; 0.000        ; 1.066      ; 1.561      ;
; 1.288  ; contagem[5]   ; contagem[5] ; basic_divider:clk_div|temp     ; basic_divider:clk_div|temp ; 0.000        ; 0.000      ; 1.426      ;
; 1.340  ; contagem[0]   ; contagem[0] ; basic_divider:clk_div|temp     ; basic_divider:clk_div|temp ; 0.000        ; 0.000      ; 1.478      ;
; 1.395  ; contagem[2]   ; contagem[2] ; basic_divider:clk_div|temp     ; basic_divider:clk_div|temp ; 0.000        ; 0.000      ; 1.533      ;
; 1.421  ; contagem[3]   ; contagem[3] ; basic_divider:clk_div|temp     ; basic_divider:clk_div|temp ; 0.000        ; 0.000      ; 1.559      ;
; 1.644  ; contagem[1]   ; contagem[1] ; basic_divider:clk_div|temp     ; basic_divider:clk_div|temp ; 0.000        ; 0.000      ; 1.782      ;
; 1.860  ; contagem[0]   ; contagem[1] ; basic_divider:clk_div|temp     ; basic_divider:clk_div|temp ; 0.000        ; 0.000      ; 1.998      ;
; 1.929  ; contagem[0]   ; contagem[2] ; basic_divider:clk_div|temp     ; basic_divider:clk_div|temp ; 0.000        ; 0.000      ; 2.067      ;
; 1.953  ; contagem[4]   ; contagem[4] ; basic_divider:clk_div|temp     ; basic_divider:clk_div|temp ; 0.000        ; 0.000      ; 2.091      ;
; 1.983  ; contagem[2]   ; contagem[3] ; basic_divider:clk_div|temp     ; basic_divider:clk_div|temp ; 0.000        ; 0.000      ; 2.121      ;
; 1.998  ; contagem[0]   ; contagem[3] ; basic_divider:clk_div|temp     ; basic_divider:clk_div|temp ; 0.000        ; 0.000      ; 2.136      ;
; 2.209  ; contagem[3]   ; contagem[4] ; basic_divider:clk_div|temp     ; basic_divider:clk_div|temp ; 0.000        ; 0.000      ; 2.347      ;
; 2.209  ; contagem[3]   ; contagem[5] ; basic_divider:clk_div|temp     ; basic_divider:clk_div|temp ; 0.000        ; 0.000      ; 2.347      ;
; 2.232  ; contagem[1]   ; contagem[2] ; basic_divider:clk_div|temp     ; basic_divider:clk_div|temp ; 0.000        ; 0.000      ; 2.370      ;
; 2.275  ; contagem[2]   ; contagem[4] ; basic_divider:clk_div|temp     ; basic_divider:clk_div|temp ; 0.000        ; 0.000      ; 2.413      ;
; 2.275  ; contagem[2]   ; contagem[5] ; basic_divider:clk_div|temp     ; basic_divider:clk_div|temp ; 0.000        ; 0.000      ; 2.413      ;
; 2.290  ; contagem[0]   ; contagem[4] ; basic_divider:clk_div|temp     ; basic_divider:clk_div|temp ; 0.000        ; 0.000      ; 2.428      ;
; 2.290  ; contagem[0]   ; contagem[5] ; basic_divider:clk_div|temp     ; basic_divider:clk_div|temp ; 0.000        ; 0.000      ; 2.428      ;
; 2.301  ; contagem[1]   ; contagem[3] ; basic_divider:clk_div|temp     ; basic_divider:clk_div|temp ; 0.000        ; 0.000      ; 2.439      ;
; 2.473  ; contagem[4]   ; contagem[5] ; basic_divider:clk_div|temp     ; basic_divider:clk_div|temp ; 0.000        ; 0.000      ; 2.611      ;
; 2.593  ; contagem[1]   ; contagem[4] ; basic_divider:clk_div|temp     ; basic_divider:clk_div|temp ; 0.000        ; 0.000      ; 2.731      ;
; 2.593  ; contagem[1]   ; contagem[5] ; basic_divider:clk_div|temp     ; basic_divider:clk_div|temp ; 0.000        ; 0.000      ; 2.731      ;
; 2.852  ; contagem[2]   ; contagem[1] ; basic_divider:clk_div|temp     ; basic_divider:clk_div|temp ; 0.000        ; 0.000      ; 2.990      ;
; 2.852  ; contagem[2]   ; contagem[0] ; basic_divider:clk_div|temp     ; basic_divider:clk_div|temp ; 0.000        ; 0.000      ; 2.990      ;
; 2.966  ; contagem[5]   ; contagem[4] ; basic_divider:clk_div|temp     ; basic_divider:clk_div|temp ; 0.000        ; 0.000      ; 3.104      ;
; 2.966  ; contagem[5]   ; contagem[3] ; basic_divider:clk_div|temp     ; basic_divider:clk_div|temp ; 0.000        ; 0.000      ; 3.104      ;
; 2.966  ; contagem[5]   ; contagem[2] ; basic_divider:clk_div|temp     ; basic_divider:clk_div|temp ; 0.000        ; 0.000      ; 3.104      ;
; 2.966  ; contagem[5]   ; contagem[1] ; basic_divider:clk_div|temp     ; basic_divider:clk_div|temp ; 0.000        ; 0.000      ; 3.104      ;
; 2.966  ; contagem[5]   ; contagem[0] ; basic_divider:clk_div|temp     ; basic_divider:clk_div|temp ; 0.000        ; 0.000      ; 3.104      ;
; 3.195  ; contagem[3]   ; contagem[2] ; basic_divider:clk_div|temp     ; basic_divider:clk_div|temp ; 0.000        ; 0.000      ; 3.333      ;
; 3.195  ; contagem[3]   ; contagem[1] ; basic_divider:clk_div|temp     ; basic_divider:clk_div|temp ; 0.000        ; 0.000      ; 3.333      ;
; 3.195  ; contagem[3]   ; contagem[0] ; basic_divider:clk_div|temp     ; basic_divider:clk_div|temp ; 0.000        ; 0.000      ; 3.333      ;
; 3.454  ; contagem[4]   ; contagem[3] ; basic_divider:clk_div|temp     ; basic_divider:clk_div|temp ; 0.000        ; 0.000      ; 3.592      ;
; 3.454  ; contagem[4]   ; contagem[2] ; basic_divider:clk_div|temp     ; basic_divider:clk_div|temp ; 0.000        ; 0.000      ; 3.592      ;
; 3.454  ; contagem[4]   ; contagem[1] ; basic_divider:clk_div|temp     ; basic_divider:clk_div|temp ; 0.000        ; 0.000      ; 3.592      ;
; 3.454  ; contagem[4]   ; contagem[0] ; basic_divider:clk_div|temp     ; basic_divider:clk_div|temp ; 0.000        ; 0.000      ; 3.592      ;
; 3.564  ; contagem[1]   ; contagem[0] ; basic_divider:clk_div|temp     ; basic_divider:clk_div|temp ; 0.000        ; 0.000      ; 3.702      ;
+--------+---------------+-------------+--------------------------------+----------------------------+--------------+------------+------------+


+------------------------------------------------------------------------------------------------------------------------+
; Hold: 'debounce:deb_ud|result'                                                                                         ;
+-------+-----------+---------+------------------------+------------------------+--------------+------------+------------+
; Slack ; From Node ; To Node ; Launch Clock           ; Latch Clock            ; Relationship ; Clock Skew ; Data Delay ;
+-------+-----------+---------+------------------------+------------------------+--------------+------------+------------+
; 1.047 ; ud_ff     ; ud_ff   ; debounce:deb_ud|result ; debounce:deb_ud|result ; 0.000        ; 0.000      ; 1.185      ;
+-------+-----------+---------+------------------------+------------------------+--------------+------------+------------+


+--------------------------------------------------------------------------------------------------------------------------------------------------+
; Hold: 'debounce:deb_start_stop|result'                                                                                                           ;
+-------+---------------+---------------+--------------------------------+--------------------------------+--------------+------------+------------+
; Slack ; From Node     ; To Node       ; Launch Clock                   ; Latch Clock                    ; Relationship ; Clock Skew ; Data Delay ;
+-------+---------------+---------------+--------------------------------+--------------------------------+--------------+------------+------------+
; 1.201 ; start_stop_ff ; start_stop_ff ; debounce:deb_start_stop|result ; debounce:deb_start_stop|result ; 0.000        ; 0.000      ; 1.339      ;
+-------+---------------+---------------+--------------------------------+--------------------------------+--------------+------------+------------+


+-------------------------------------------------------------------------------------------------------------+
; Setup Transfers                                                                                             ;
+--------------------------------+--------------------------------+----------+----------+----------+----------+
; From Clock                     ; To Clock                       ; RR Paths ; FR Paths ; RF Paths ; FF Paths ;
+--------------------------------+--------------------------------+----------+----------+----------+----------+
; basic_divider:clk_div2|temp    ; basic_divider:clk_div2|temp    ; 26       ; 0        ; 0        ; 0        ;
; debounce:deb_start_stop|result ; basic_divider:clk_div2|temp    ; 1        ; 1        ; 0        ; 0        ;
; debounce:deb_ud|result         ; basic_divider:clk_div2|temp    ; 1        ; 1        ; 0        ; 0        ;
; basic_divider:clk_div|temp     ; basic_divider:clk_div|temp     ; 76       ; 0        ; 0        ; 0        ;
; debounce:deb_start_stop|result ; basic_divider:clk_div|temp     ; 6        ; 0        ; 0        ; 0        ;
; debounce:deb_ud|result         ; basic_divider:clk_div|temp     ; 34       ; 0        ; 0        ; 0        ;
; basic_divider:clk_div2|temp    ; clk_50M                        ; 1        ; 1        ; 0        ; 0        ;
; basic_divider:clk_div|temp     ; clk_50M                        ; 1        ; 1        ; 0        ; 0        ;
; clk_50M                        ; clk_50M                        ; 10403    ; 0        ; 0        ; 0        ;
; debounce:deb_start_stop|result ; debounce:deb_start_stop|result ; 1        ; 0        ; 0        ; 0        ;
; debounce:deb_ud|result         ; debounce:deb_ud|result         ; 1        ; 0        ; 0        ; 0        ;
+--------------------------------+--------------------------------+----------+----------+----------+----------+
Entries labeled "false path" only account for clock-to-clock false paths and not path-based false paths. As a result, actual path counts may be lower than reported.


+-------------------------------------------------------------------------------------------------------------+
; Hold Transfers                                                                                              ;
+--------------------------------+--------------------------------+----------+----------+----------+----------+
; From Clock                     ; To Clock                       ; RR Paths ; FR Paths ; RF Paths ; FF Paths ;
+--------------------------------+--------------------------------+----------+----------+----------+----------+
; basic_divider:clk_div2|temp    ; basic_divider:clk_div2|temp    ; 26       ; 0        ; 0        ; 0        ;
; debounce:deb_start_stop|result ; basic_divider:clk_div2|temp    ; 1        ; 1        ; 0        ; 0        ;
; debounce:deb_ud|result         ; basic_divider:clk_div2|temp    ; 1        ; 1        ; 0        ; 0        ;
; basic_divider:clk_div|temp     ; basic_divider:clk_div|temp     ; 76       ; 0        ; 0        ; 0        ;
; debounce:deb_start_stop|result ; basic_divider:clk_div|temp     ; 6        ; 0        ; 0        ; 0        ;
; debounce:deb_ud|result         ; basic_divider:clk_div|temp     ; 34       ; 0        ; 0        ; 0        ;
; basic_divider:clk_div2|temp    ; clk_50M                        ; 1        ; 1        ; 0        ; 0        ;
; basic_divider:clk_div|temp     ; clk_50M                        ; 1        ; 1        ; 0        ; 0        ;
; clk_50M                        ; clk_50M                        ; 10403    ; 0        ; 0        ; 0        ;
; debounce:deb_start_stop|result ; debounce:deb_start_stop|result ; 1        ; 0        ; 0        ; 0        ;
; debounce:deb_ud|result         ; debounce:deb_ud|result         ; 1        ; 0        ; 0        ; 0        ;
+--------------------------------+--------------------------------+----------+----------+----------+----------+
Entries labeled "false path" only account for clock-to-clock false paths and not path-based false paths. As a result, actual path counts may be lower than reported.


---------------
; Report TCCS ;
---------------
No dedicated SERDES Transmitter circuitry present in device or used in design


---------------
; Report RSKM ;
---------------
No non-DPA dedicated SERDES Receiver circuitry present in device or used in design


+------------------------------------------------+
; Unconstrained Paths Summary                    ;
+---------------------------------+-------+------+
; Property                        ; Setup ; Hold ;
+---------------------------------+-------+------+
; Illegal Clocks                  ; 0     ; 0    ;
; Unconstrained Clocks            ; 0     ; 0    ;
; Unconstrained Input Ports       ; 3     ; 3    ;
; Unconstrained Input Port Paths  ; 9     ; 9    ;
; Unconstrained Output Ports      ; 14    ; 14   ;
; Unconstrained Output Port Paths ; 77    ; 77   ;
+---------------------------------+-------+------+


+--------------------------------------------------------------------------------------+
; Clock Status Summary                                                                 ;
+--------------------------------+--------------------------------+------+-------------+
; Target                         ; Clock                          ; Type ; Status      ;
+--------------------------------+--------------------------------+------+-------------+
; basic_divider:clk_div2|temp    ; basic_divider:clk_div2|temp    ; Base ; Constrained ;
; basic_divider:clk_div|temp     ; basic_divider:clk_div|temp     ; Base ; Constrained ;
; clk_50M                        ; clk_50M                        ; Base ; Constrained ;
; debounce:deb_start_stop|result ; debounce:deb_start_stop|result ; Base ; Constrained ;
; debounce:deb_ud|result         ; debounce:deb_ud|result         ; Base ; Constrained ;
+--------------------------------+--------------------------------+------+-------------+


+---------------------------------------------------------------------------------------------------+
; Unconstrained Input Ports                                                                         ;
+------------+--------------------------------------------------------------------------------------+
; Input Port ; Comment                                                                              ;
+------------+--------------------------------------------------------------------------------------+
; start_stop ; No input delay, min/max delays, false-path exceptions, or max skew assignments found ;
; ud         ; No input delay, min/max delays, false-path exceptions, or max skew assignments found ;
; z          ; No input delay, min/max delays, false-path exceptions, or max skew assignments found ;
+------------+--------------------------------------------------------------------------------------+


+-----------------------------------------------------------------------------------------------------+
; Unconstrained Output Ports                                                                          ;
+-------------+---------------------------------------------------------------------------------------+
; Output Port ; Comment                                                                               ;
+-------------+---------------------------------------------------------------------------------------+
; dezena[0]   ; No output delay, min/max delays, false-path exceptions, or max skew assignments found ;
; dezena[1]   ; No output delay, min/max delays, false-path exceptions, or max skew assignments found ;
; dezena[2]   ; No output delay, min/max delays, false-path exceptions, or max skew assignments found ;
; dezena[3]   ; No output delay, min/max delays, false-path exceptions, or max skew assignments found ;
; dezena[4]   ; No output delay, min/max delays, false-path exceptions, or max skew assignments found ;
; dezena[5]   ; No output delay, min/max delays, false-path exceptions, or max skew assignments found ;
; dezena[6]   ; No output delay, min/max delays, false-path exceptions, or max skew assignments found ;
; unidade[0]  ; No output delay, min/max delays, false-path exceptions, or max skew assignments found ;
; unidade[1]  ; No output delay, min/max delays, false-path exceptions, or max skew assignments found ;
; unidade[2]  ; No output delay, min/max delays, false-path exceptions, or max skew assignments found ;
; unidade[3]  ; No output delay, min/max delays, false-path exceptions, or max skew assignments found ;
; unidade[4]  ; No output delay, min/max delays, false-path exceptions, or max skew assignments found ;
; unidade[5]  ; No output delay, min/max delays, false-path exceptions, or max skew assignments found ;
; unidade[6]  ; No output delay, min/max delays, false-path exceptions, or max skew assignments found ;
+-------------+---------------------------------------------------------------------------------------+


+---------------------------------------------------------------------------------------------------+
; Unconstrained Input Ports                                                                         ;
+------------+--------------------------------------------------------------------------------------+
; Input Port ; Comment                                                                              ;
+------------+--------------------------------------------------------------------------------------+
; start_stop ; No input delay, min/max delays, false-path exceptions, or max skew assignments found ;
; ud         ; No input delay, min/max delays, false-path exceptions, or max skew assignments found ;
; z          ; No input delay, min/max delays, false-path exceptions, or max skew assignments found ;
+------------+--------------------------------------------------------------------------------------+


+-----------------------------------------------------------------------------------------------------+
; Unconstrained Output Ports                                                                          ;
+-------------+---------------------------------------------------------------------------------------+
; Output Port ; Comment                                                                               ;
+-------------+---------------------------------------------------------------------------------------+
; dezena[0]   ; No output delay, min/max delays, false-path exceptions, or max skew assignments found ;
; dezena[1]   ; No output delay, min/max delays, false-path exceptions, or max skew assignments found ;
; dezena[2]   ; No output delay, min/max delays, false-path exceptions, or max skew assignments found ;
; dezena[3]   ; No output delay, min/max delays, false-path exceptions, or max skew assignments found ;
; dezena[4]   ; No output delay, min/max delays, false-path exceptions, or max skew assignments found ;
; dezena[5]   ; No output delay, min/max delays, false-path exceptions, or max skew assignments found ;
; dezena[6]   ; No output delay, min/max delays, false-path exceptions, or max skew assignments found ;
; unidade[0]  ; No output delay, min/max delays, false-path exceptions, or max skew assignments found ;
; unidade[1]  ; No output delay, min/max delays, false-path exceptions, or max skew assignments found ;
; unidade[2]  ; No output delay, min/max delays, false-path exceptions, or max skew assignments found ;
; unidade[3]  ; No output delay, min/max delays, false-path exceptions, or max skew assignments found ;
; unidade[4]  ; No output delay, min/max delays, false-path exceptions, or max skew assignments found ;
; unidade[5]  ; No output delay, min/max delays, false-path exceptions, or max skew assignments found ;
; unidade[6]  ; No output delay, min/max delays, false-path exceptions, or max skew assignments found ;
+-------------+---------------------------------------------------------------------------------------+


+--------------------------+
; Timing Analyzer Messages ;
+--------------------------+
Info: *******************************************************************
Info: Running Quartus Prime Timing Analyzer
    Info: Version 23.1std.0 Build 991 11/28/2023 SC Lite Edition
    Info: Processing started: Fri Jun  7 20:49:47 2024
Info: Command: quartus_sta cronometro -c cronometro
Info: qsta_default_script.tcl version: #1
Warning (18236): Number of processors has not been specified which may cause overloading on shared machines.  Set the global assignment NUM_PARALLEL_PROCESSORS in your QSF to an appropriate value for best performance.
Info (20030): Parallel compilation is enabled and will use 2 of the 2 processors detected
Info (334003): Started post-fitting delay annotation
Info (334004): Delay annotation completed successfully
Critical Warning (332012): Synopsys Design Constraints File file not found: 'cronometro.sdc'. A Synopsys Design Constraints File is required by the Timing Analyzer to get proper timing constraints. Without it, the Compiler will not properly optimize the design.
Info (332142): No user constrained base clocks found in the design. Calling "derive_clocks -period 1.0"
Info (332105): Deriving Clocks
    Info (332105): create_clock -period 1.000 -name basic_divider:clk_div|temp basic_divider:clk_div|temp
    Info (332105): create_clock -period 1.000 -name debounce:deb_start_stop|result debounce:deb_start_stop|result
    Info (332105): create_clock -period 1.000 -name debounce:deb_ud|result debounce:deb_ud|result
    Info (332105): create_clock -period 1.000 -name clk_50M clk_50M
    Info (332105): create_clock -period 1.000 -name basic_divider:clk_div2|temp basic_divider:clk_div2|temp
Info: Found TIMING_ANALYZER_REPORT_SCRIPT_INCLUDE_DEFAULT_ANALYSIS = ON
Info: Can't run Report Timing Closure Recommendations. The current device family is not supported.
Critical Warning (332148): Timing requirements not met
Info (332146): Worst-case setup slack is -6.728
    Info (332119):     Slack       End Point TNS Clock 
    Info (332119): ========= =================== =====================
    Info (332119):    -6.728            -202.927 clk_50M 
    Info (332119):    -3.029             -18.174 basic_divider:clk_div|temp 
    Info (332119):    -1.068              -5.740 basic_divider:clk_div2|temp 
    Info (332119):    -0.547              -0.547 debounce:deb_start_stop|result 
    Info (332119):    -0.393              -0.393 debounce:deb_ud|result 
Info (332146): Worst-case hold slack is -1.774
    Info (332119):     Slack       End Point TNS Clock 
    Info (332119): ========= =================== =====================
    Info (332119):    -1.774              -3.179 basic_divider:clk_div2|temp 
    Info (332119):    -1.136              -2.082 clk_50M 
    Info (332119):    -0.126              -0.647 basic_divider:clk_div|temp 
    Info (332119):     1.047               0.000 debounce:deb_ud|result 
    Info (332119):     1.201               0.000 debounce:deb_start_stop|result 
Info (332140): No Recovery paths to report
Info (332140): No Removal paths to report
Info (332146): Worst-case minimum pulse width slack is -2.289
    Info (332119):     Slack       End Point TNS Clock 
    Info (332119): ========= =================== =====================
    Info (332119):    -2.289              -2.289 clk_50M 
    Info (332119):     0.334               0.000 basic_divider:clk_div2|temp 
    Info (332119):     0.334               0.000 basic_divider:clk_div|temp 
    Info (332119):     0.334               0.000 debounce:deb_start_stop|result 
    Info (332119):     0.334               0.000 debounce:deb_ud|result 
Info (332001): The selected device family is not supported by the report_metastability command.
Info (332102): Design is not fully constrained for setup requirements
Info (332102): Design is not fully constrained for hold requirements
Info: Quartus Prime Timing Analyzer was successful. 0 errors, 3 warnings
    Info: Peak virtual memory: 4658 megabytes
    Info: Processing ended: Fri Jun  7 20:49:50 2024
    Info: Elapsed time: 00:00:03
    Info: Total CPU time (on all processors): 00:00:01


