Analysis & Synthesis report for cronometro
Fri Jun  7 20:49:34 2024
Quartus Prime Version 23.1std.0 Build 991 11/28/2023 SC Lite Edition


---------------------
; Table of Contents ;
---------------------
  1. Legal Notice
  2. Analysis & Synthesis Summary
  3. Analysis & Synthesis Settings
  4. Parallel Compilation
  5. Analysis & Synthesis Source Files Read
  6. Analysis & Synthesis Resource Usage Summary
  7. Analysis & Synthesis Resource Utilization by Entity
  8. Registers Removed During Synthesis
  9. General Register Statistics
 10. Inverted Register Statistics
 11. Multiplexer Restructuring Statistics (Restructuring Performed)
 12. Parameter Settings for User Entity Instance: basic_divider:clk_div
 13. Parameter Settings for User Entity Instance: basic_divider:clk_div2
 14. Parameter Settings for User Entity Instance: debounce:deb_start_stop
 15. Parameter Settings for User Entity Instance: debounce:deb_ud
 16. Parameter Settings for Inferred Entity Instance: lpm_divide:Div0
 17. Parameter Settings for Inferred Entity Instance: lpm_divide:Mod0
 18. Analysis & Synthesis Messages



----------------
; Legal Notice ;
----------------
Copyright (C) 2023  Intel Corporation. All rights reserved.
Your use of Intel Corporation's design tools, logic functions 
and other software and tools, and any partner logic 
functions, and any output files from any of the foregoing 
(including device programming or simulation files), and any 
associated documentation or information are expressly subject 
to the terms and conditions of the Intel Program License 
Subscription Agreement, the Intel Quartus Prime License Agreement,
the Intel FPGA IP License Agreement, or other applicable license
agreement, including, without limitation, that your use is for
the sole purpose of programming logic devices manufactured by
Intel and sold by Intel or its authorized distributors.  Please
refer to the applicable agreement for further details, at
https://fpgasoftware.intel.com/eula.



+------------------------------------------------------------------------------+
; Analysis & Synthesis Summary                                                 ;
+-----------------------------+------------------------------------------------+
; Analysis & Synthesis Status ; Successful - Fri Jun  7 20:49:34 2024          ;
; Quartus Prime Version       ; 23.1std.0 Build 991 11/28/2023 SC Lite Edition ;
; Revision Name               ; cronometro                                     ;
; Top-level Entity Name       ; cronometro                                     ;
; Family                      ; MAX II                                         ;
; Total logic elements        ; 216                                            ;
; Total pins                  ; 18                                             ;
; Total virtual pins          ; 0                                              ;
; UFM blocks                  ; 0 / 1 ( 0 % )                                  ;
+-----------------------------+------------------------------------------------+


+------------------------------------------------------------------------------------------------------------+
; Analysis & Synthesis Settings                                                                              ;
+------------------------------------------------------------------+--------------------+--------------------+
; Option                                                           ; Setting            ; Default Value      ;
+------------------------------------------------------------------+--------------------+--------------------+
; Top-level entity name                                            ; cronometro         ; cronometro         ;
; Family name                                                      ; MAX II             ; Cyclone V          ;
; Use smart compilation                                            ; Off                ; Off                ;
; Enable parallel Assembler and Timing Analyzer during compilation ; On                 ; On                 ;
; Enable compact report table                                      ; Off                ; Off                ;
; Restructure Multiplexers                                         ; Auto               ; Auto               ;
; Create Debugging Nodes for IP Cores                              ; Off                ; Off                ;
; Preserve fewer node names                                        ; On                 ; On                 ;
; Intel FPGA IP Evaluation Mode                                    ; Enable             ; Enable             ;
; Verilog Version                                                  ; Verilog_2001       ; Verilog_2001       ;
; VHDL Version                                                     ; VHDL_1993          ; VHDL_1993          ;
; State Machine Processing                                         ; Auto               ; Auto               ;
; Safe State Machine                                               ; Off                ; Off                ;
; Extract Verilog State Machines                                   ; On                 ; On                 ;
; Extract VHDL State Machines                                      ; On                 ; On                 ;
; Ignore Verilog initial constructs                                ; Off                ; Off                ;
; Iteration limit for constant Verilog loops                       ; 5000               ; 5000               ;
; Iteration limit for non-constant Verilog loops                   ; 250                ; 250                ;
; Add Pass-Through Logic to Inferred RAMs                          ; On                 ; On                 ;
; Infer RAMs from Raw Logic                                        ; On                 ; On                 ;
; Parallel Synthesis                                               ; On                 ; On                 ;
; NOT Gate Push-Back                                               ; On                 ; On                 ;
; Power-Up Don't Care                                              ; On                 ; On                 ;
; Remove Redundant Logic Cells                                     ; Off                ; Off                ;
; Remove Duplicate Registers                                       ; On                 ; On                 ;
; Ignore CARRY Buffers                                             ; Off                ; Off                ;
; Ignore CASCADE Buffers                                           ; Off                ; Off                ;
; Ignore GLOBAL Buffers                                            ; Off                ; Off                ;
; Ignore ROW GLOBAL Buffers                                        ; Off                ; Off                ;
; Ignore LCELL Buffers                                             ; Off                ; Off                ;
; Ignore SOFT Buffers                                              ; On                 ; On                 ;
; Limit AHDL Integers to 32 Bits                                   ; Off                ; Off                ;
; Optimization Technique                                           ; Balanced           ; Balanced           ;
; Carry Chain Length                                               ; 70                 ; 70                 ;
; Auto Carry Chains                                                ; On                 ; On                 ;
; Auto Open-Drain Pins                                             ; On                 ; On                 ;
; Perform WYSIWYG Primitive Resynthesis                            ; Off                ; Off                ;
; Auto Shift Register Replacement                                  ; Auto               ; Auto               ;
; Allow Shift Register Merging across Hierarchies                  ; Auto               ; Auto               ;
; Auto Clock Enable Replacement                                    ; On                 ; On                 ;
; Allow Synchronous Control Signals                                ; On                 ; On                 ;
; Force Use of Synchronous Clear Signals                           ; Off                ; Off                ;
; Auto Resource Sharing                                            ; Off                ; Off                ;
; Use LogicLock Constraints during Resource Balancing              ; On                 ; On                 ;
; Ignore translate_off and synthesis_off directives                ; Off                ; Off                ;
; Report Parameter Settings                                        ; On                 ; On                 ;
; Report Source Assignments                                        ; On                 ; On                 ;
; Report Connectivity Checks                                       ; On                 ; On                 ;
; Ignore Maximum Fan-Out Assignments                               ; Off                ; Off                ;
; Synchronization Register Chain Length                            ; 2                  ; 2                  ;
; Power Optimization During Synthesis                              ; Normal compilation ; Normal compilation ;
; HDL message level                                                ; Level2             ; Level2             ;
; Suppress Register Optimization Related Messages                  ; Off                ; Off                ;
; Number of Removed Registers Reported in Synthesis Report         ; 5000               ; 5000               ;
; Number of Swept Nodes Reported in Synthesis Report               ; 5000               ; 5000               ;
; Number of Inverted Registers Reported in Synthesis Report        ; 100                ; 100                ;
; Clock MUX Protection                                             ; On                 ; On                 ;
; Block Design Naming                                              ; Auto               ; Auto               ;
; Synthesis Effort                                                 ; Auto               ; Auto               ;
; Shift Register Replacement - Allow Asynchronous Clear Signal     ; On                 ; On                 ;
; Analysis & Synthesis Message Level                               ; Medium             ; Medium             ;
; Disable Register Merging Across Hierarchies                      ; Auto               ; Auto               ;
+------------------------------------------------------------------+--------------------+--------------------+


+------------------------------------------+
; Parallel Compilation                     ;
+----------------------------+-------------+
; Processors                 ; Number      ;
+----------------------------+-------------+
; Number detected on machine ; 4           ;
; Maximum allowed            ; 2           ;
;                            ;             ;
; Average used               ; 1.00        ;
; Maximum used               ; 1           ;
;                            ;             ;
; Usage by Processor         ; % Time Used ;
;     Processor 1            ; 100.0%      ;
+----------------------------+-------------+


+-----------------------------------------------------------------------------------------------------------------------------------------------------------------------------+
; Analysis & Synthesis Source Files Read                                                                                                                                      ;
+----------------------------------+-----------------+------------------------------+-------------------------------------------------------------------------------+---------+
; File Name with User-Entered Path ; Used in Netlist ; File Type                    ; File Name with Absolute Path                                                  ; Library ;
+----------------------------------+-----------------+------------------------------+-------------------------------------------------------------------------------+---------+
; Componentes/basic_divider.vhd    ; yes             ; User VHDL File               ; C:/Users/revox/Desktop/pratica6/cronometro/Componentes/basic_divider.vhd      ;         ;
; Componentes/debounce.vhd         ; yes             ; User VHDL File               ; C:/Users/revox/Desktop/pratica6/cronometro/Componentes/debounce.vhd           ;         ;
; Componentes/comp_package.vhd     ; yes             ; User VHDL File               ; C:/Users/revox/Desktop/pratica6/cronometro/Componentes/comp_package.vhd       ;         ;
; cronometro.vhd                   ; yes             ; User VHDL File               ; C:/Users/revox/Desktop/pratica6/cronometro/cronometro.vhd                     ;         ;
; lpm_divide.tdf                   ; yes             ; Megafunction                 ; c:/intelfpga_lite/23.1std/quartus/libraries/megafunctions/lpm_divide.tdf      ;         ;
; abs_divider.inc                  ; yes             ; Megafunction                 ; c:/intelfpga_lite/23.1std/quartus/libraries/megafunctions/abs_divider.inc     ;         ;
; sign_div_unsign.inc              ; yes             ; Megafunction                 ; c:/intelfpga_lite/23.1std/quartus/libraries/megafunctions/sign_div_unsign.inc ;         ;
; aglobal231.inc                   ; yes             ; Megafunction                 ; c:/intelfpga_lite/23.1std/quartus/libraries/megafunctions/aglobal231.inc      ;         ;
; db/lpm_divide_ovl.tdf            ; yes             ; Auto-Generated Megafunction  ; C:/Users/revox/Desktop/pratica6/cronometro/db/lpm_divide_ovl.tdf              ;         ;
; db/sign_div_unsign_9kh.tdf       ; yes             ; Auto-Generated Megafunction  ; C:/Users/revox/Desktop/pratica6/cronometro/db/sign_div_unsign_9kh.tdf         ;         ;
; db/alt_u_div_die.tdf             ; yes             ; Auto-Generated Megafunction  ; C:/Users/revox/Desktop/pratica6/cronometro/db/alt_u_div_die.tdf               ;         ;
; db/add_sub_e7c.tdf               ; yes             ; Auto-Generated Megafunction  ; C:/Users/revox/Desktop/pratica6/cronometro/db/add_sub_e7c.tdf                 ;         ;
; db/add_sub_f7c.tdf               ; yes             ; Auto-Generated Megafunction  ; C:/Users/revox/Desktop/pratica6/cronometro/db/add_sub_f7c.tdf                 ;         ;
; db/add_sub_g7c.tdf               ; yes             ; Auto-Generated Megafunction  ; C:/Users/revox/Desktop/pratica6/cronometro/db/add_sub_g7c.tdf                 ;         ;
; db/add_sub_h7c.tdf               ; yes             ; Auto-Generated Megafunction  ; C:/Users/revox/Desktop/pratica6/cronometro/db/add_sub_h7c.tdf                 ;         ;
; db/add_sub_i7c.tdf               ; yes             ; Auto-Generated Megafunction  ; C:/Users/revox/Desktop/pratica6/cronometro/db/add_sub_i7c.tdf                 ;         ;
; db/lpm_divide_tnl.tdf            ; yes             ; Auto-Generated Megafunction  ; C:/Users/revox/Desktop/pratica6/cronometro/db/lpm_divide_tnl.tdf              ;         ;
; db/sign_div_unsign_bkh.tdf       ; yes             ; Auto-Generated Megafunction  ; C:/Users/revox/Desktop/pratica6/cronometro/db/sign_div_unsign_bkh.tdf         ;         ;
; db/alt_u_div_hie.tdf             ; yes             ; Auto-Generated Megafunction  ; C:/Users/revox/Desktop/pratica6/cronometro/db/alt_u_div_hie.tdf               ;         ;
; db/add_sub_j7c.tdf               ; yes             ; Auto-Generated Megafunction  ; C:/Users/revox/Desktop/pratica6/cronometro/db/add_sub_j7c.tdf                 ;         ;
+----------------------------------+-----------------+------------------------------+-------------------------------------------------------------------------------+---------+


+-------------------------------------------------------+
; Analysis & Synthesis Resource Usage Summary           ;
+---------------------------------------------+---------+
; Resource                                    ; Usage   ;
+---------------------------------------------+---------+
; Total logic elements                        ; 216     ;
;     -- Combinational with no register       ; 155     ;
;     -- Register only                        ; 26      ;
;     -- Combinational with a register        ; 35      ;
;                                             ;         ;
; Logic element usage by number of LUT inputs ;         ;
;     -- 4 input functions                    ; 44      ;
;     -- 3 input functions                    ; 29      ;
;     -- 2 input functions                    ; 91      ;
;     -- 1 input functions                    ; 25      ;
;     -- 0 input functions                    ; 1       ;
;                                             ;         ;
; Logic elements by mode                      ;         ;
;     -- normal mode                          ; 142     ;
;     -- arithmetic mode                      ; 74      ;
;     -- qfbk mode                            ; 0       ;
;     -- register cascade mode                ; 0       ;
;     -- synchronous clear/load mode          ; 6       ;
;     -- asynchronous clear/load mode         ; 0       ;
;                                             ;         ;
; Total registers                             ; 61      ;
; Total logic cells in carry chains           ; 88      ;
; I/O pins                                    ; 18      ;
; Maximum fan-out node                        ; clk_50M ;
; Maximum fan-out                             ; 43      ;
; Total fan-out                               ; 585     ;
; Average fan-out                             ; 2.50    ;
+---------------------------------------------+---------+


+----------------------------------------------------------------------------------------------------------------------------------------------------------------------------------------------------------------------------------------------------------------------------------------------------------------------------------------------------------------------+
; Analysis & Synthesis Resource Utilization by Entity                                                                                                                                                                                                                                                                                                                  ;
+----------------------------------------+-------------+--------------+------------+------+--------------+--------------+-------------------+------------------+-----------------+------------+-----------------------------------------------------------------------------------------------------------------------------------+---------------------+--------------+
; Compilation Hierarchy Node             ; Logic Cells ; LC Registers ; UFM Blocks ; Pins ; Virtual Pins ; LUT-Only LCs ; Register-Only LCs ; LUT/Register LCs ; Carry Chain LCs ; Packed LCs ; Full Hierarchy Name                                                                                                               ; Entity Name         ; Library Name ;
+----------------------------------------+-------------+--------------+------------+------+--------------+--------------+-------------------+------------------+-----------------+------------+-----------------------------------------------------------------------------------------------------------------------------------+---------------------+--------------+
; |cronometro                            ; 216 (35)    ; 61           ; 0          ; 18   ; 0            ; 155 (27)     ; 26 (0)            ; 35 (8)           ; 88 (6)          ; 0 (0)      ; |cronometro                                                                                                                       ; cronometro          ; work         ;
;    |basic_divider:clk_div2|            ; 40 (40)     ; 17           ; 0          ; 0    ; 0            ; 23 (23)      ; 9 (9)             ; 8 (8)            ; 18 (18)         ; 0 (0)      ; |cronometro|basic_divider:clk_div2                                                                                                ; basic_divider       ; work         ;
;    |basic_divider:clk_div|             ; 59 (59)     ; 26           ; 0          ; 0    ; 0            ; 33 (33)      ; 13 (13)           ; 13 (13)          ; 25 (25)         ; 0 (0)      ; |cronometro|basic_divider:clk_div                                                                                                 ; basic_divider       ; work         ;
;    |debounce:deb_start_stop|           ; 6 (6)       ; 5            ; 0          ; 0    ; 0            ; 1 (1)        ; 2 (2)             ; 3 (3)            ; 0 (0)           ; 0 (0)      ; |cronometro|debounce:deb_start_stop                                                                                               ; debounce            ; work         ;
;    |debounce:deb_ud|                   ; 6 (6)       ; 5            ; 0          ; 0    ; 0            ; 1 (1)        ; 2 (2)             ; 3 (3)            ; 0 (0)           ; 0 (0)      ; |cronometro|debounce:deb_ud                                                                                                       ; debounce            ; work         ;
;    |lpm_divide:Div0|                   ; 32 (0)      ; 0            ; 0          ; 0    ; 0            ; 32 (0)       ; 0 (0)             ; 0 (0)            ; 18 (0)          ; 0 (0)      ; |cronometro|lpm_divide:Div0                                                                                                       ; lpm_divide          ; work         ;
;       |lpm_divide_ovl:auto_generated|  ; 32 (0)      ; 0            ; 0          ; 0    ; 0            ; 32 (0)       ; 0 (0)             ; 0 (0)            ; 18 (0)          ; 0 (0)      ; |cronometro|lpm_divide:Div0|lpm_divide_ovl:auto_generated                                                                         ; lpm_divide_ovl      ; work         ;
;          |sign_div_unsign_9kh:divider| ; 32 (0)      ; 0            ; 0          ; 0    ; 0            ; 32 (0)       ; 0 (0)             ; 0 (0)            ; 18 (0)          ; 0 (0)      ; |cronometro|lpm_divide:Div0|lpm_divide_ovl:auto_generated|sign_div_unsign_9kh:divider                                             ; sign_div_unsign_9kh ; work         ;
;             |alt_u_div_die:divider|    ; 32 (14)     ; 0            ; 0          ; 0    ; 0            ; 32 (14)      ; 0 (0)             ; 0 (0)            ; 18 (0)          ; 0 (0)      ; |cronometro|lpm_divide:Div0|lpm_divide_ovl:auto_generated|sign_div_unsign_9kh:divider|alt_u_div_die:divider                       ; alt_u_div_die       ; work         ;
;                |add_sub_h7c:add_sub_3| ; 6 (6)       ; 0            ; 0          ; 0    ; 0            ; 6 (6)        ; 0 (0)             ; 0 (0)            ; 6 (6)           ; 0 (0)      ; |cronometro|lpm_divide:Div0|lpm_divide_ovl:auto_generated|sign_div_unsign_9kh:divider|alt_u_div_die:divider|add_sub_h7c:add_sub_3 ; add_sub_h7c         ; work         ;
;                |add_sub_i7c:add_sub_4| ; 7 (7)       ; 0            ; 0          ; 0    ; 0            ; 7 (7)        ; 0 (0)             ; 0 (0)            ; 7 (7)           ; 0 (0)      ; |cronometro|lpm_divide:Div0|lpm_divide_ovl:auto_generated|sign_div_unsign_9kh:divider|alt_u_div_die:divider|add_sub_i7c:add_sub_4 ; add_sub_i7c         ; work         ;
;                |add_sub_i7c:add_sub_5| ; 5 (5)       ; 0            ; 0          ; 0    ; 0            ; 5 (5)        ; 0 (0)             ; 0 (0)            ; 5 (5)           ; 0 (0)      ; |cronometro|lpm_divide:Div0|lpm_divide_ovl:auto_generated|sign_div_unsign_9kh:divider|alt_u_div_die:divider|add_sub_i7c:add_sub_5 ; add_sub_i7c         ; work         ;
;    |lpm_divide:Mod0|                   ; 38 (0)      ; 0            ; 0          ; 0    ; 0            ; 38 (0)       ; 0 (0)             ; 0 (0)            ; 21 (0)          ; 0 (0)      ; |cronometro|lpm_divide:Mod0                                                                                                       ; lpm_divide          ; work         ;
;       |lpm_divide_tnl:auto_generated|  ; 38 (0)      ; 0            ; 0          ; 0    ; 0            ; 38 (0)       ; 0 (0)             ; 0 (0)            ; 21 (0)          ; 0 (0)      ; |cronometro|lpm_divide:Mod0|lpm_divide_tnl:auto_generated                                                                         ; lpm_divide_tnl      ; work         ;
;          |sign_div_unsign_bkh:divider| ; 38 (0)      ; 0            ; 0          ; 0    ; 0            ; 38 (0)       ; 0 (0)             ; 0 (0)            ; 21 (0)          ; 0 (0)      ; |cronometro|lpm_divide:Mod0|lpm_divide_tnl:auto_generated|sign_div_unsign_bkh:divider                                             ; sign_div_unsign_bkh ; work         ;
;             |alt_u_div_hie:divider|    ; 38 (17)     ; 0            ; 0          ; 0    ; 0            ; 38 (17)      ; 0 (0)             ; 0 (0)            ; 21 (0)          ; 0 (0)      ; |cronometro|lpm_divide:Mod0|lpm_divide_tnl:auto_generated|sign_div_unsign_bkh:divider|alt_u_div_hie:divider                       ; alt_u_div_hie       ; work         ;
;                |add_sub_h7c:add_sub_3| ; 6 (6)       ; 0            ; 0          ; 0    ; 0            ; 6 (6)        ; 0 (0)             ; 0 (0)            ; 6 (6)           ; 0 (0)      ; |cronometro|lpm_divide:Mod0|lpm_divide_tnl:auto_generated|sign_div_unsign_bkh:divider|alt_u_div_hie:divider|add_sub_h7c:add_sub_3 ; add_sub_h7c         ; work         ;
;                |add_sub_i7c:add_sub_4| ; 7 (7)       ; 0            ; 0          ; 0    ; 0            ; 7 (7)        ; 0 (0)             ; 0 (0)            ; 7 (7)           ; 0 (0)      ; |cronometro|lpm_divide:Mod0|lpm_divide_tnl:auto_generated|sign_div_unsign_bkh:divider|alt_u_div_hie:divider|add_sub_i7c:add_sub_4 ; add_sub_i7c         ; work         ;
;                |add_sub_j7c:add_sub_5| ; 8 (8)       ; 0            ; 0          ; 0    ; 0            ; 8 (8)        ; 0 (0)             ; 0 (0)            ; 8 (8)           ; 0 (0)      ; |cronometro|lpm_divide:Mod0|lpm_divide_tnl:auto_generated|sign_div_unsign_bkh:divider|alt_u_div_hie:divider|add_sub_j7c:add_sub_5 ; add_sub_j7c         ; work         ;
+----------------------------------------+-------------+--------------+------------+------+--------------+--------------+-------------------+------------------+-----------------+------------+-----------------------------------------------------------------------------------------------------------------------------------+---------------------+--------------+
Note: For table entries with two numbers listed, the numbers in parentheses indicate the number of resources of the given type used by the specific entity alone. The numbers listed outside of parentheses indicate the total resources of the given type used by the specific entity and all of its sub-entities in the hierarchy.


+--------------------------------------------------------------------------------------------+
; Registers Removed During Synthesis                                                         ;
+----------------------------------------+---------------------------------------------------+
; Register name                          ; Reason for Removal                                ;
+----------------------------------------+---------------------------------------------------+
; basic_divider:clk_div2|\P_div:count[0] ; Merged with basic_divider:clk_div|\P_div:count[0] ;
; basic_divider:clk_div2|\P_div:count[1] ; Merged with basic_divider:clk_div|\P_div:count[1] ;
; Total Number of Removed Registers = 2  ;                                                   ;
+----------------------------------------+---------------------------------------------------+


+------------------------------------------------------+
; General Register Statistics                          ;
+----------------------------------------------+-------+
; Statistic                                    ; Value ;
+----------------------------------------------+-------+
; Total registers                              ; 61    ;
; Number of registers using Synchronous Clear  ; 0     ;
; Number of registers using Synchronous Load   ; 6     ;
; Number of registers using Asynchronous Clear ; 0     ;
; Number of registers using Asynchronous Load  ; 0     ;
; Number of registers using Clock Enable       ; 6     ;
; Number of registers using Preset             ; 0     ;
+----------------------------------------------+-------+


+--------------------------------------------------+
; Inverted Register Statistics                     ;
+----------------------------------------+---------+
; Inverted Register                      ; Fan out ;
+----------------------------------------+---------+
; start_stop_ff                          ; 7       ;
; Total number of inverted registers = 1 ;         ;
+----------------------------------------+---------+


+------------------------------------------------------------------------------------------------------------------------------------------------------------------+
; Multiplexer Restructuring Statistics (Restructuring Performed)                                                                                                   ;
+--------------------+-----------+---------------+----------------------+------------------------+------------+----------------------------------------------------+
; Multiplexer Inputs ; Bus Width ; Baseline Area ; Area if Restructured ; Saving if Restructured ; Registered ; Example Multiplexer Output                         ;
+--------------------+-----------+---------------+----------------------+------------------------+------------+----------------------------------------------------+
; 3:1                ; 2 bits    ; 4 LEs         ; 2 LEs                ; 2 LEs                  ; Yes        ; |cronometro|debounce:deb_ud|counter_out[0]         ;
; 3:1                ; 2 bits    ; 4 LEs         ; 2 LEs                ; 2 LEs                  ; Yes        ; |cronometro|debounce:deb_start_stop|counter_out[0] ;
+--------------------+-----------+---------------+----------------------+------------------------+------------+----------------------------------------------------+


+--------------------------------------------------------------------+
; Parameter Settings for User Entity Instance: basic_divider:clk_div ;
+----------------+----------+----------------------------------------+
; Parameter Name ; Value    ; Type                                   ;
+----------------+----------+----------------------------------------+
; divisor        ; 25000000 ; Signed Integer                         ;
+----------------+----------+----------------------------------------+
Note: In order to hide this table in the UI and the text report file, please set the "Show Parameter Settings in Synthesis Report" option in "Analysis and Synthesis Settings -> More Settings" to "Off".


+---------------------------------------------------------------------+
; Parameter Settings for User Entity Instance: basic_divider:clk_div2 ;
+----------------+--------+-------------------------------------------+
; Parameter Name ; Value  ; Type                                      ;
+----------------+--------+-------------------------------------------+
; divisor        ; 250000 ; Signed Integer                            ;
+----------------+--------+-------------------------------------------+
Note: In order to hide this table in the UI and the text report file, please set the "Show Parameter Settings in Synthesis Report" option in "Analysis and Synthesis Settings -> More Settings" to "Off".


+----------------------------------------------------------------------+
; Parameter Settings for User Entity Instance: debounce:deb_start_stop ;
+----------------+-------+---------------------------------------------+
; Parameter Name ; Value ; Type                                        ;
+----------------+-------+---------------------------------------------+
; counter_size   ; 1     ; Signed Integer                              ;
+----------------+-------+---------------------------------------------+
Note: In order to hide this table in the UI and the text report file, please set the "Show Parameter Settings in Synthesis Report" option in "Analysis and Synthesis Settings -> More Settings" to "Off".


+--------------------------------------------------------------+
; Parameter Settings for User Entity Instance: debounce:deb_ud ;
+----------------+-------+-------------------------------------+
; Parameter Name ; Value ; Type                                ;
+----------------+-------+-------------------------------------+
; counter_size   ; 1     ; Signed Integer                      ;
+----------------+-------+-------------------------------------+
Note: In order to hide this table in the UI and the text report file, please set the "Show Parameter Settings in Synthesis Report" option in "Analysis and Synthesis Settings -> More Settings" to "Off".


+------------------------------------------------------------------+
; Parameter Settings for Inferred Entity Instance: lpm_divide:Div0 ;
+------------------------+----------------+------------------------+
; Parameter Name         ; Value          ; Type                   ;
+------------------------+----------------+------------------------+
; LPM_WIDTHN             ; 6              ; Untyped                ;
; LPM_WIDTHD             ; 4              ; Untyped                ;
; LPM_NREPRESENTATION    ; UNSIGNED       ; Untyped                ;
; LPM_DREPRESENTATION    ; UNSIGNED       ; Untyped                ;
; LPM_PIPELINE           ; 0              ; Untyped                ;
; LPM_REMAINDERPOSITIVE  ; TRUE           ; Untyped                ;
; MAXIMIZE_SPEED         ; 5              ; Untyped                ;
; CBXI_PARAMETER         ; lpm_divide_ovl ; Untyped                ;
; CARRY_CHAIN            ; MANUAL         ; Untyped                ;
; OPTIMIZE_FOR_SPEED     ; 5              ; Untyped                ;
; AUTO_CARRY_CHAINS      ; ON             ; AUTO_CARRY             ;
; IGNORE_CARRY_BUFFERS   ; OFF            ; IGNORE_CARRY           ;
; AUTO_CASCADE_CHAINS    ; ON             ; AUTO_CASCADE           ;
; IGNORE_CASCADE_BUFFERS ; OFF            ; IGNORE_CASCADE         ;
+------------------------+----------------+------------------------+
Note: In order to hide this table in the UI and the text report file, please set the "Show Parameter Settings in Synthesis Report" option in "Analysis and Synthesis Settings -> More Settings" to "Off".


+------------------------------------------------------------------+
; Parameter Settings for Inferred Entity Instance: lpm_divide:Mod0 ;
+------------------------+----------------+------------------------+
; Parameter Name         ; Value          ; Type                   ;
+------------------------+----------------+------------------------+
; LPM_WIDTHN             ; 6              ; Untyped                ;
; LPM_WIDTHD             ; 6              ; Untyped                ;
; LPM_NREPRESENTATION    ; UNSIGNED       ; Untyped                ;
; LPM_DREPRESENTATION    ; UNSIGNED       ; Untyped                ;
; LPM_PIPELINE           ; 0              ; Untyped                ;
; LPM_REMAINDERPOSITIVE  ; TRUE           ; Untyped                ;
; MAXIMIZE_SPEED         ; 5              ; Untyped                ;
; CBXI_PARAMETER         ; lpm_divide_tnl ; Untyped                ;
; CARRY_CHAIN            ; MANUAL         ; Untyped                ;
; OPTIMIZE_FOR_SPEED     ; 5              ; Untyped                ;
; AUTO_CARRY_CHAINS      ; ON             ; AUTO_CARRY             ;
; IGNORE_CARRY_BUFFERS   ; OFF            ; IGNORE_CARRY           ;
; AUTO_CASCADE_CHAINS    ; ON             ; AUTO_CASCADE           ;
; IGNORE_CASCADE_BUFFERS ; OFF            ; IGNORE_CASCADE         ;
+------------------------+----------------+------------------------+
Note: In order to hide this table in the UI and the text report file, please set the "Show Parameter Settings in Synthesis Report" option in "Analysis and Synthesis Settings -> More Settings" to "Off".


+-------------------------------+
; Analysis & Synthesis Messages ;
+-------------------------------+
Info: *******************************************************************
Info: Running Quartus Prime Analysis & Synthesis
    Info: Version 23.1std.0 Build 991 11/28/2023 SC Lite Edition
    Info: Processing started: Fri Jun  7 20:49:10 2024
Info: Command: quartus_map --read_settings_files=on --write_settings_files=off cronometro -c cronometro
Warning (18236): Number of processors has not been specified which may cause overloading on shared machines.  Set the global assignment NUM_PARALLEL_PROCESSORS in your QSF to an appropriate value for best performance.
Info (20030): Parallel compilation is enabled and will use 2 of the 2 processors detected
Info (12021): Found 2 design units, including 1 entities, in source file componentes/basic_divider.vhd
    Info (12022): Found design unit 1: basic_divider-divisor File: C:/Users/revox/Desktop/pratica6/cronometro/Componentes/basic_divider.vhd Line: 24
    Info (12023): Found entity 1: basic_divider File: C:/Users/revox/Desktop/pratica6/cronometro/Componentes/basic_divider.vhd Line: 16
Info (12021): Found 2 design units, including 1 entities, in source file componentes/debounce.vhd
    Info (12022): Found design unit 1: debounce-logic File: C:/Users/revox/Desktop/pratica6/cronometro/Componentes/debounce.vhd Line: 35
    Info (12023): Found entity 1: debounce File: C:/Users/revox/Desktop/pratica6/cronometro/Componentes/debounce.vhd Line: 27
Info (12021): Found 2 design units, including 0 entities, in source file componentes/comp_package.vhd
    Info (12022): Found design unit 1: comp_package File: C:/Users/revox/Desktop/pratica6/cronometro/Componentes/comp_package.vhd Line: 5
    Info (12022): Found design unit 2: comp_package-body File: C:/Users/revox/Desktop/pratica6/cronometro/Componentes/comp_package.vhd Line: 28
Info (12021): Found 2 design units, including 1 entities, in source file cronometro.vhd
    Info (12022): Found design unit 1: cronometro-cronometro_arch File: C:/Users/revox/Desktop/pratica6/cronometro/cronometro.vhd Line: 17
    Info (12023): Found entity 1: cronometro File: C:/Users/revox/Desktop/pratica6/cronometro/cronometro.vhd Line: 6
Info (12127): Elaborating entity "cronometro" for the top level hierarchy
Warning (10812): VHDL warning at cronometro.vhd(32): sensitivity list already contains start_stop_ff File: C:/Users/revox/Desktop/pratica6/cronometro/cronometro.vhd Line: 32
Info (12128): Elaborating entity "basic_divider" for hierarchy "basic_divider:clk_div" File: C:/Users/revox/Desktop/pratica6/cronometro/cronometro.vhd Line: 24
Info (12128): Elaborating entity "basic_divider" for hierarchy "basic_divider:clk_div2" File: C:/Users/revox/Desktop/pratica6/cronometro/cronometro.vhd Line: 26
Info (12128): Elaborating entity "debounce" for hierarchy "debounce:deb_start_stop" File: C:/Users/revox/Desktop/pratica6/cronometro/cronometro.vhd Line: 29
Info (278001): Inferred 2 megafunctions from design logic
    Info (278004): Inferred divider/modulo megafunction ("lpm_divide") from the following logic: "Div0" File: C:/Users/revox/Desktop/pratica6/cronometro/cronometro.vhd Line: 57
    Info (278004): Inferred divider/modulo megafunction ("lpm_divide") from the following logic: "Mod0" File: C:/Users/revox/Desktop/pratica6/cronometro/cronometro.vhd Line: 58
Info (12130): Elaborated megafunction instantiation "lpm_divide:Div0" File: C:/Users/revox/Desktop/pratica6/cronometro/cronometro.vhd Line: 57
Info (12133): Instantiated megafunction "lpm_divide:Div0" with the following parameter: File: C:/Users/revox/Desktop/pratica6/cronometro/cronometro.vhd Line: 57
    Info (12134): Parameter "LPM_WIDTHN" = "6"
    Info (12134): Parameter "LPM_WIDTHD" = "4"
    Info (12134): Parameter "LPM_NREPRESENTATION" = "UNSIGNED"
    Info (12134): Parameter "LPM_DREPRESENTATION" = "UNSIGNED"
Info (12021): Found 1 design units, including 1 entities, in source file db/lpm_divide_ovl.tdf
    Info (12023): Found entity 1: lpm_divide_ovl File: C:/Users/revox/Desktop/pratica6/cronometro/db/lpm_divide_ovl.tdf Line: 25
Info (12021): Found 1 design units, including 1 entities, in source file db/sign_div_unsign_9kh.tdf
    Info (12023): Found entity 1: sign_div_unsign_9kh File: C:/Users/revox/Desktop/pratica6/cronometro/db/sign_div_unsign_9kh.tdf Line: 25
Info (12021): Found 1 design units, including 1 entities, in source file db/alt_u_div_die.tdf
    Info (12023): Found entity 1: alt_u_div_die File: C:/Users/revox/Desktop/pratica6/cronometro/db/alt_u_div_die.tdf Line: 33
Info (12021): Found 1 design units, including 1 entities, in source file db/add_sub_e7c.tdf
    Info (12023): Found entity 1: add_sub_e7c File: C:/Users/revox/Desktop/pratica6/cronometro/db/add_sub_e7c.tdf Line: 23
Info (12021): Found 1 design units, including 1 entities, in source file db/add_sub_f7c.tdf
    Info (12023): Found entity 1: add_sub_f7c File: C:/Users/revox/Desktop/pratica6/cronometro/db/add_sub_f7c.tdf Line: 23
Info (12021): Found 1 design units, including 1 entities, in source file db/add_sub_g7c.tdf
    Info (12023): Found entity 1: add_sub_g7c File: C:/Users/revox/Desktop/pratica6/cronometro/db/add_sub_g7c.tdf Line: 25
Info (12021): Found 1 design units, including 1 entities, in source file db/add_sub_h7c.tdf
    Info (12023): Found entity 1: add_sub_h7c File: C:/Users/revox/Desktop/pratica6/cronometro/db/add_sub_h7c.tdf Line: 25
Info (12021): Found 1 design units, including 1 entities, in source file db/add_sub_i7c.tdf
    Info (12023): Found entity 1: add_sub_i7c File: C:/Users/revox/Desktop/pratica6/cronometro/db/add_sub_i7c.tdf Line: 25
Info (12130): Elaborated megafunction instantiation "lpm_divide:Mod0" File: C:/Users/revox/Desktop/pratica6/cronometro/cronometro.vhd Line: 58
Info (12133): Instantiated megafunction "lpm_divide:Mod0" with the following parameter: File: C:/Users/revox/Desktop/pratica6/cronometro/cronometro.vhd Line: 58
    Info (12134): Parameter "LPM_WIDTHN" = "6"
    Info (12134): Parameter "LPM_WIDTHD" = "6"
    Info (12134): Parameter "LPM_NREPRESENTATION" = "UNSIGNED"
    Info (12134): Parameter "LPM_DREPRESENTATION" = "UNSIGNED"
Info (12021): Found 1 design units, including 1 entities, in source file db/lpm_divide_tnl.tdf
    Info (12023): Found entity 1: lpm_divide_tnl File: C:/Users/revox/Desktop/pratica6/cronometro/db/lpm_divide_tnl.tdf Line: 25
Info (12021): Found 1 design units, including 1 entities, in source file db/sign_div_unsign_bkh.tdf
    Info (12023): Found entity 1: sign_div_unsign_bkh File: C:/Users/revox/Desktop/pratica6/cronometro/db/sign_div_unsign_bkh.tdf Line: 25
Info (12021): Found 1 design units, including 1 entities, in source file db/alt_u_div_hie.tdf
    Info (12023): Found entity 1: alt_u_div_hie File: C:/Users/revox/Desktop/pratica6/cronometro/db/alt_u_div_hie.tdf Line: 35
Info (12021): Found 1 design units, including 1 entities, in source file db/add_sub_j7c.tdf
    Info (12023): Found entity 1: add_sub_j7c File: C:/Users/revox/Desktop/pratica6/cronometro/db/add_sub_j7c.tdf Line: 25
Info (21057): Implemented 234 device resources after synthesis - the final resource count might be different
    Info (21058): Implemented 4 input pins
    Info (21059): Implemented 14 output pins
    Info (21061): Implemented 216 logic cells
Info: Quartus Prime Analysis & Synthesis was successful. 0 errors, 2 warnings
    Info: Peak virtual memory: 4786 megabytes
    Info: Processing ended: Fri Jun  7 20:49:34 2024
    Info: Elapsed time: 00:00:24
    Info: Total CPU time (on all processors): 00:00:30


