Fitter report for latch_d_nor
Fri Apr 26 20:59:22 2024
Quartus Prime Version 23.1std.0 Build 991 11/28/2023 SC Lite Edition


---------------------
; Table of Contents ;
---------------------
  1. Legal Notice
  2. Fitter Summary
  3. Fitter Settings
  4. Parallel Compilation
  5. Ignored Assignments
  6. Pin-Out File
  7. Fitter Resource Usage Summary
  8. Input Pins
  9. Output Pins
 10. I/O Bank Usage
 11. All Package Pins
 12. Output Pin Default Load For Reported TCO
 13. Fitter Resource Utilization by Entity
 14. Delay Chain Summary
 15. Control Signals
 16. Global & Other Fast Signals
 17. Routing Usage Summary
 18. LAB Logic Elements
 19. LAB Signals Sourced
 20. LAB Signals Sourced Out
 21. LAB Distinct Inputs
 22. Fitter Device Options
 23. Fitter Messages
 24. Fitter Suppressed Messages



----------------
; Legal Notice ;
----------------
Copyright (C) 2023  Intel Corporation. All rights reserved.
Your use of Intel Corporation's design tools, logic functions 
and other software and tools, and any partner logic 
functions, and any output files from any of the foregoing 
(including device programming or simulation files), and any 
associated documentation or information are expressly subject 
to the terms and conditions of the Intel Program License 
Subscription Agreement, the Intel Quartus Prime License Agreement,
the Intel FPGA IP License Agreement, or other applicable license
agreement, including, without limitation, that your use is for
the sole purpose of programming logic devices manufactured by
Intel and sold by Intel or its authorized distributors.  Please
refer to the applicable agreement for further details, at
https://fpgasoftware.intel.com/eula.



+------------------------------------------------------------------------+
; Fitter Summary                                                         ;
+-----------------------+------------------------------------------------+
; Fitter Status         ; Successful - Fri Apr 26 20:59:22 2024          ;
; Quartus Prime Version ; 23.1std.0 Build 991 11/28/2023 SC Lite Edition ;
; Revision Name         ; latch_d_nor                                    ;
; Top-level Entity Name ; latch_d_nor                                    ;
; Family                ; MAX II                                         ;
; Device                ; EPM240T100C5                                   ;
; Timing Models         ; Final                                          ;
; Total logic elements  ; 2 / 240 ( < 1 % )                              ;
; Total pins            ; 18 / 80 ( 23 % )                               ;
; Total virtual pins    ; 0                                              ;
; UFM blocks            ; 0 / 1 ( 0 % )                                  ;
+-----------------------+------------------------------------------------+


+--------------------------------------------------------------------------------------------------------------------------------------+
; Fitter Settings                                                                                                                      ;
+--------------------------------------------------------------------+--------------------------------+--------------------------------+
; Option                                                             ; Setting                        ; Default Value                  ;
+--------------------------------------------------------------------+--------------------------------+--------------------------------+
; Device                                                             ; EPM240T100C5                   ;                                ;
; Maximum processors allowed for parallel compilation                ; All                            ;                                ;
; Minimum Core Junction Temperature                                  ; 0                              ;                                ;
; Maximum Core Junction Temperature                                  ; 85                             ;                                ;
; Fit Attempts to Skip                                               ; 0                              ; 0.0                            ;
; Use smart compilation                                              ; Off                            ; Off                            ;
; Enable parallel Assembler and Timing Analyzer during compilation   ; On                             ; On                             ;
; Enable compact report table                                        ; Off                            ; Off                            ;
; Router Timing Optimization Level                                   ; Normal                         ; Normal                         ;
; Placement Effort Multiplier                                        ; 1.0                            ; 1.0                            ;
; Router Effort Multiplier                                           ; 1.0                            ; 1.0                            ;
; Always Enable Input Buffers                                        ; Off                            ; Off                            ;
; Optimize Hold Timing                                               ; IO Paths and Minimum TPD Paths ; IO Paths and Minimum TPD Paths ;
; Optimize Multi-Corner Timing                                       ; Off                            ; Off                            ;
; Guarantee I/O Paths Have Zero Hold Time at Fast Corner             ; On                             ; On                             ;
; Power Optimization During Fitting                                  ; Normal compilation             ; Normal compilation             ;
; Optimize Timing                                                    ; Normal compilation             ; Normal compilation             ;
; Optimize Timing for ECOs                                           ; Off                            ; Off                            ;
; Regenerate Full Fit Report During ECO Compiles                     ; Off                            ; Off                            ;
; Optimize IOC Register Placement for Timing                         ; Normal                         ; Normal                         ;
; Limit to One Fitting Attempt                                       ; Off                            ; Off                            ;
; Final Placement Optimizations                                      ; Automatically                  ; Automatically                  ;
; Fitter Aggressive Routability Optimizations                        ; Automatically                  ; Automatically                  ;
; Fitter Initial Placement Seed                                      ; 1                              ; 1                              ;
; Periphery to Core Placement and Routing Optimization               ; Off                            ; Off                            ;
; Slow Slew Rate                                                     ; Off                            ; Off                            ;
; PCI I/O                                                            ; Off                            ; Off                            ;
; Weak Pull-Up Resistor                                              ; Off                            ; Off                            ;
; Enable Bus-Hold Circuitry                                          ; Off                            ; Off                            ;
; Auto Delay Chains                                                  ; On                             ; On                             ;
; Auto Delay Chains for High Fanout Input Pins                       ; Off                            ; Off                            ;
; Perform Physical Synthesis for Combinational Logic for Performance ; Off                            ; Off                            ;
; Perform Register Duplication for Performance                       ; Off                            ; Off                            ;
; Perform Register Retiming for Performance                          ; Off                            ; Off                            ;
; Perform Asynchronous Signal Pipelining                             ; Off                            ; Off                            ;
; Fitter Effort                                                      ; Auto Fit                       ; Auto Fit                       ;
; Physical Synthesis Effort Level                                    ; Normal                         ; Normal                         ;
; Logic Cell Insertion - Logic Duplication                           ; Auto                           ; Auto                           ;
; Auto Register Duplication                                          ; Auto                           ; Auto                           ;
; Auto Global Clock                                                  ; On                             ; On                             ;
; Auto Global Register Control Signals                               ; On                             ; On                             ;
; Force Fitter to Avoid Periphery Placement Warnings                 ; Off                            ; Off                            ;
+--------------------------------------------------------------------+--------------------------------+--------------------------------+


+------------------------------------------+
; Parallel Compilation                     ;
+----------------------------+-------------+
; Processors                 ; Number      ;
+----------------------------+-------------+
; Number detected on machine ; 4           ;
; Maximum allowed            ; 2           ;
;                            ;             ;
; Average used               ; 1.00        ;
; Maximum used               ; 1           ;
;                            ;             ;
; Usage by Processor         ; % Time Used ;
;     Processor 1            ; 100.0%      ;
+----------------------------+-------------+


+------------------------------------------------------------------------------------------------------------------+
; Ignored Assignments                                                                                              ;
+-----------------------+----------------+--------------+------------+----------------------------+----------------+
; Name                  ; Ignored Entity ; Ignored From ; Ignored To ; Ignored Value              ; Ignored Source ;
+-----------------------+----------------+--------------+------------+----------------------------+----------------+
; Location              ;                ;              ; ch2        ; PIN_52                     ; QSF Assignment ;
; Location              ;                ;              ; ch3        ; PIN_51                     ; QSF Assignment ;
; I/O Standard          ; latch_d_nor    ;              ; ch2        ; 3.3V SCHMITT TRIGGER INPUT ; QSF Assignment ;
; I/O Standard          ; latch_d_nor    ;              ; ch3        ; 3.3V SCHMITT TRIGGER INPUT ; QSF Assignment ;
; Weak Pull-Up Resistor ; latch_d_nor    ;              ; ch2        ; ON                         ; QSF Assignment ;
; Weak Pull-Up Resistor ; latch_d_nor    ;              ; ch3        ; ON                         ; QSF Assignment ;
+-----------------------+----------------+--------------+------------+----------------------------+----------------+


+--------------+
; Pin-Out File ;
+--------------+
The pin-out file can be found in C:/Users/revox/Desktop/pratica4/ex2/latch_d_nor/output_files/latch_d_nor.pin.


+------------------------------------------------------------------+
; Fitter Resource Usage Summary                                    ;
+---------------------------------------------+--------------------+
; Resource                                    ; Usage              ;
+---------------------------------------------+--------------------+
; Total logic elements                        ; 2 / 240 ( < 1 % )  ;
;     -- Combinational with no register       ; 2                  ;
;     -- Register only                        ; 0                  ;
;     -- Combinational with a register        ; 0                  ;
;                                             ;                    ;
; Logic element usage by number of LUT inputs ;                    ;
;     -- 4 input functions                    ; 0                  ;
;     -- 3 input functions                    ; 2                  ;
;     -- 2 input functions                    ; 0                  ;
;     -- 1 input functions                    ; 0                  ;
;     -- 0 input functions                    ; 0                  ;
;                                             ;                    ;
; Logic elements by mode                      ;                    ;
;     -- normal mode                          ; 2                  ;
;     -- arithmetic mode                      ; 0                  ;
;     -- qfbk mode                            ; 0                  ;
;     -- register cascade mode                ; 0                  ;
;     -- synchronous clear/load mode          ; 0                  ;
;     -- asynchronous clear/load mode         ; 0                  ;
;                                             ;                    ;
; Total registers                             ; 0 / 240 ( 0 % )    ;
; Total LABs                                  ; 2 / 24 ( 8 % )     ;
; Logic elements in carry chains              ; 0                  ;
; Virtual pins                                ; 0                  ;
; I/O pins                                    ; 18 / 80 ( 23 % )   ;
;     -- Clock pins                           ; 0 / 4 ( 0 % )      ;
;                                             ;                    ;
; UFM blocks                                  ; 0 / 1 ( 0 % )      ;
;                                             ;                    ;
;     -- Total Fixed Point DSP Blocks         ; 0                  ;
;     -- Total Floating Point DSP Blocks      ; 0                  ;
;                                             ;                    ;
; Global signals                              ; 1                  ;
;     -- Global clocks                        ; 1 / 4 ( 25 % )     ;
; JTAGs                                       ; 0 / 1 ( 0 % )      ;
; Average interconnect usage (total/H/V)      ; 0.7% / 0.7% / 0.8% ;
; Peak interconnect usage (total/H/V)         ; 0.7% / 0.7% / 0.8% ;
; Maximum fan-out                             ; 2                  ;
; Highest non-global fan-out                  ; 2                  ;
; Total fan-out                               ; 8                  ;
; Average fan-out                             ; 0.40               ;
+---------------------------------------------+--------------------+


+----------------------------------------------------------------------------------------------------------------------------------------------------------------------------------------------------------------------------------------------+
; Input Pins                                                                                                                                                                                                                                   ;
+--------+-------+----------+--------------+--------------+-------------+-----------------------+--------------------+--------+-----------------+----------+--------------+----------------------------+----------------------+----------------+
; Name   ; Pin # ; I/O Bank ; X coordinate ; Y coordinate ; Cell number ; Combinational Fan-Out ; Registered Fan-Out ; Global ; PCI I/O Enabled ; Bus Hold ; Weak Pull Up ; I/O Standard               ; Location assigned by ; Slow Slew Rate ;
+--------+-------+----------+--------------+--------------+-------------+-----------------------+--------------------+--------+-----------------+----------+--------------+----------------------------+----------------------+----------------+
; din    ; 50    ; 1        ; 7            ; 0            ; 1           ; 2                     ; 0                  ; no     ; no              ; no       ; On           ; 3.3V Schmitt Trigger Input ; User                 ; no             ;
; enable ; 53    ; 2        ; 8            ; 1            ; 3           ; 2                     ; 0                  ; yes    ; no              ; no       ; On           ; 3.3V Schmitt Trigger Input ; User                 ; no             ;
+--------+-------+----------+--------------+--------------+-------------+-----------------------+--------------------+--------+-----------------+----------+--------------+----------------------------+----------------------+----------------+


+------------------------------------------------------------------------------------------------------------------------------------------------------------------------------------------------------------------------------------------------------------------------------------------------------------------------+
; Output Pins                                                                                                                                                                                                                                                                                                            ;
+------+-------+----------+--------------+--------------+-------------+-----------------+----------------+-----------------+------------+---------------+----------+--------------+--------------+------------------+------------------------+----------------------+-------+----------------------+---------------------+
; Name ; Pin # ; I/O Bank ; X coordinate ; Y coordinate ; Cell number ; Output Register ; Slow Slew Rate ; PCI I/O Enabled ; Open Drain ; TRI Primitive ; Bus Hold ; Weak Pull Up ; I/O Standard ; Current Strength ; Fast Output Connection ; Location assigned by ; Load  ; Output Enable Source ; Output Enable Group ;
+------+-------+----------+--------------+--------------+-------------+-----------------+----------------+-----------------+------------+---------------+----------+--------------+--------------+------------------+------------------------+----------------------+-------+----------------------+---------------------+
; a1   ; 33    ; 1        ; 3            ; 0            ; 2           ; no              ; no             ; no              ; no         ; no            ; no       ; Off          ; 3.3-V LVTTL  ; 16mA             ; no                     ; User                 ; 10 pF ; -                    ; -                   ;
; a2   ; 30    ; 1        ; 3            ; 0            ; 3           ; no              ; no             ; no              ; no         ; no            ; no       ; Off          ; 3.3-V LVTTL  ; 16mA             ; no                     ; User                 ; 10 pF ; -                    ; -                   ;
; b1   ; 35    ; 1        ; 3            ; 0            ; 0           ; no              ; no             ; no              ; no         ; no            ; no       ; Off          ; 3.3-V LVTTL  ; 16mA             ; no                     ; User                 ; 10 pF ; -                    ; -                   ;
; b2   ; 34    ; 1        ; 3            ; 0            ; 1           ; no              ; no             ; no              ; no         ; no            ; no       ; Off          ; 3.3-V LVTTL  ; 16mA             ; no                     ; User                 ; 10 pF ; -                    ; -                   ;
; c1   ; 37    ; 1        ; 4            ; 0            ; 1           ; no              ; no             ; no              ; no         ; no            ; no       ; Off          ; 3.3-V LVTTL  ; 16mA             ; no                     ; User                 ; 10 pF ; -                    ; -                   ;
; c2   ; 36    ; 1        ; 4            ; 0            ; 2           ; no              ; no             ; no              ; no         ; no            ; no       ; Off          ; 3.3-V LVTTL  ; 16mA             ; no                     ; User                 ; 10 pF ; -                    ; -                   ;
; d1   ; 39    ; 1        ; 5            ; 0            ; 3           ; no              ; no             ; no              ; no         ; no            ; no       ; Off          ; 3.3-V LVTTL  ; 16mA             ; no                     ; User                 ; 10 pF ; -                    ; -                   ;
; d2   ; 38    ; 1        ; 4            ; 0            ; 0           ; no              ; no             ; no              ; no         ; no            ; no       ; Off          ; 3.3-V LVTTL  ; 16mA             ; no                     ; User                 ; 10 pF ; -                    ; -                   ;
; e1   ; 41    ; 1        ; 5            ; 0            ; 1           ; no              ; no             ; no              ; no         ; no            ; no       ; Off          ; 3.3-V LVTTL  ; 16mA             ; no                     ; User                 ; 10 pF ; -                    ; -                   ;
; e2   ; 40    ; 1        ; 5            ; 0            ; 2           ; no              ; no             ; no              ; no         ; no            ; no       ; Off          ; 3.3-V LVTTL  ; 16mA             ; no                     ; User                 ; 10 pF ; -                    ; -                   ;
; f1   ; 43    ; 1        ; 6            ; 0            ; 3           ; no              ; no             ; no              ; no         ; no            ; no       ; Off          ; 3.3-V LVTTL  ; 16mA             ; no                     ; User                 ; 10 pF ; -                    ; -                   ;
; f2   ; 42    ; 1        ; 5            ; 0            ; 0           ; no              ; no             ; no              ; no         ; no            ; no       ; Off          ; 3.3-V LVTTL  ; 16mA             ; no                     ; User                 ; 10 pF ; -                    ; -                   ;
; g1   ; 47    ; 1        ; 6            ; 0            ; 1           ; no              ; no             ; no              ; no         ; no            ; no       ; Off          ; 3.3-V LVTTL  ; 16mA             ; no                     ; User                 ; 10 pF ; -                    ; -                   ;
; g2   ; 44    ; 1        ; 6            ; 0            ; 2           ; no              ; no             ; no              ; no         ; no            ; no       ; Off          ; 3.3-V LVTTL  ; 16mA             ; no                     ; User                 ; 10 pF ; -                    ; -                   ;
; q    ; 49    ; 1        ; 7            ; 0            ; 2           ; no              ; no             ; no              ; no         ; no            ; no       ; Off          ; 3.3-V LVTTL  ; 16mA             ; no                     ; User                 ; 10 pF ; -                    ; -                   ;
; qn   ; 48    ; 1        ; 6            ; 0            ; 0           ; no              ; no             ; no              ; no         ; no            ; no       ; Off          ; 3.3-V LVTTL  ; 16mA             ; no                     ; User                 ; 10 pF ; -                    ; -                   ;
+------+-------+----------+--------------+--------------+-------------+-----------------+----------------+-----------------+------------+---------------+----------+--------------+--------------+------------------+------------------------+----------------------+-------+----------------------+---------------------+


+------------------------------------------------------------+
; I/O Bank Usage                                             ;
+----------+------------------+---------------+--------------+
; I/O Bank ; Usage            ; VCCIO Voltage ; VREF Voltage ;
+----------+------------------+---------------+--------------+
; 1        ; 17 / 38 ( 45 % ) ; 3.3V          ; --           ;
; 2        ; 1 / 42 ( 2 % )   ; 3.3V          ; --           ;
+----------+------------------+---------------+--------------+


+--------------------------------------------------------------------------------------------------------------------------------------------------------------+
; All Package Pins                                                                                                                                             ;
+----------+------------+----------+----------------+--------+----------------------------+-----------+------------+-----------------+----------+--------------+
; Location ; Pad Number ; I/O Bank ; Pin Name/Usage ; Dir.   ; I/O Standard               ; Voltage   ; I/O Type   ; User Assignment ; Bus Hold ; Weak Pull Up ;
+----------+------------+----------+----------------+--------+----------------------------+-----------+------------+-----------------+----------+--------------+
; 1        ; 83         ; 2        ; GND*           ;        ;                            ;           ; Column I/O ;                 ; no       ; Off          ;
; 2        ; 0          ; 1        ; GND*           ;        ;                            ;           ; Row I/O    ;                 ; no       ; Off          ;
; 3        ; 1          ; 1        ; GND*           ;        ;                            ;           ; Row I/O    ;                 ; no       ; Off          ;
; 4        ; 2          ; 1        ; GND*           ;        ;                            ;           ; Row I/O    ;                 ; no       ; Off          ;
; 5        ; 3          ; 1        ; GND*           ;        ;                            ;           ; Row I/O    ;                 ; no       ; Off          ;
; 6        ; 4          ; 1        ; GND*           ;        ;                            ;           ; Row I/O    ;                 ; no       ; Off          ;
; 7        ; 5          ; 1        ; GND*           ;        ;                            ;           ; Row I/O    ;                 ; no       ; Off          ;
; 8        ; 6          ; 1        ; GND*           ;        ;                            ;           ; Row I/O    ;                 ; no       ; Off          ;
; 9        ;            ; 1        ; VCCIO1         ; power  ;                            ; 3.3V      ; --         ;                 ; --       ; --           ;
; 10       ;            ;          ; GNDIO          ; gnd    ;                            ;           ; --         ;                 ; --       ; --           ;
; 11       ;            ;          ; GNDINT         ; gnd    ;                            ;           ; --         ;                 ; --       ; --           ;
; 12       ; 7          ; 1        ; GND*           ;        ;                            ;           ; Row I/O    ;                 ; no       ; Off          ;
; 13       ;            ;          ; VCCINT         ; power  ;                            ; 2.5V/3.3V ; --         ;                 ; --       ; --           ;
; 14       ; 8          ; 1        ; GND*           ;        ;                            ;           ; Row I/O    ;                 ; no       ; Off          ;
; 15       ; 9          ; 1        ; GND*           ;        ;                            ;           ; Row I/O    ;                 ; no       ; Off          ;
; 16       ; 10         ; 1        ; GND*           ;        ;                            ;           ; Row I/O    ;                 ; no       ; Off          ;
; 17       ; 11         ; 1        ; GND*           ;        ;                            ;           ; Row I/O    ;                 ; no       ; Off          ;
; 18       ; 12         ; 1        ; GND*           ;        ;                            ;           ; Row I/O    ;                 ; no       ; Off          ;
; 19       ; 13         ; 1        ; GND*           ;        ;                            ;           ; Row I/O    ;                 ; no       ; Off          ;
; 20       ; 14         ; 1        ; GND*           ;        ;                            ;           ; Row I/O    ;                 ; no       ; Off          ;
; 21       ; 15         ; 1        ; GND*           ;        ;                            ;           ; Row I/O    ;                 ; no       ; Off          ;
; 22       ; 16         ; 1        ; #TMS           ; input  ;                            ;           ; --         ;                 ; --       ; --           ;
; 23       ; 17         ; 1        ; #TDI           ; input  ;                            ;           ; --         ;                 ; --       ; --           ;
; 24       ; 18         ; 1        ; #TCK           ; input  ;                            ;           ; --         ;                 ; --       ; --           ;
; 25       ; 19         ; 1        ; #TDO           ; output ;                            ;           ; --         ;                 ; --       ; --           ;
; 26       ; 20         ; 1        ; GND*           ;        ;                            ;           ; Column I/O ;                 ; no       ; Off          ;
; 27       ; 21         ; 1        ; GND*           ;        ;                            ;           ; Column I/O ;                 ; no       ; Off          ;
; 28       ; 22         ; 1        ; GND*           ;        ;                            ;           ; Column I/O ;                 ; no       ; Off          ;
; 29       ; 23         ; 1        ; GND*           ;        ;                            ;           ; Column I/O ;                 ; no       ; Off          ;
; 30       ; 24         ; 1        ; a2             ; output ; 3.3-V LVTTL                ;           ; Column I/O ; Y               ; no       ; Off          ;
; 31       ;            ; 1        ; VCCIO1         ; power  ;                            ; 3.3V      ; --         ;                 ; --       ; --           ;
; 32       ;            ;          ; GNDIO          ; gnd    ;                            ;           ; --         ;                 ; --       ; --           ;
; 33       ; 25         ; 1        ; a1             ; output ; 3.3-V LVTTL                ;           ; Column I/O ; Y               ; no       ; Off          ;
; 34       ; 26         ; 1        ; b2             ; output ; 3.3-V LVTTL                ;           ; Column I/O ; Y               ; no       ; Off          ;
; 35       ; 27         ; 1        ; b1             ; output ; 3.3-V LVTTL                ;           ; Column I/O ; Y               ; no       ; Off          ;
; 36       ; 28         ; 1        ; c2             ; output ; 3.3-V LVTTL                ;           ; Column I/O ; Y               ; no       ; Off          ;
; 37       ; 29         ; 1        ; c1             ; output ; 3.3-V LVTTL                ;           ; Column I/O ; Y               ; no       ; Off          ;
; 38       ; 30         ; 1        ; d2             ; output ; 3.3-V LVTTL                ;           ; Column I/O ; Y               ; no       ; Off          ;
; 39       ; 31         ; 1        ; d1             ; output ; 3.3-V LVTTL                ;           ; Column I/O ; Y               ; no       ; Off          ;
; 40       ; 32         ; 1        ; e2             ; output ; 3.3-V LVTTL                ;           ; Column I/O ; Y               ; no       ; Off          ;
; 41       ; 33         ; 1        ; e1             ; output ; 3.3-V LVTTL                ;           ; Column I/O ; Y               ; no       ; Off          ;
; 42       ; 34         ; 1        ; f2             ; output ; 3.3-V LVTTL                ;           ; Column I/O ; Y               ; no       ; Off          ;
; 43       ; 35         ; 1        ; f1             ; output ; 3.3-V LVTTL                ;           ; Column I/O ; Y               ; no       ; Off          ;
; 44       ; 36         ; 1        ; g2             ; output ; 3.3-V LVTTL                ;           ; Column I/O ; Y               ; no       ; Off          ;
; 45       ;            ; 1        ; VCCIO1         ; power  ;                            ; 3.3V      ; --         ;                 ; --       ; --           ;
; 46       ;            ;          ; GNDIO          ; gnd    ;                            ;           ; --         ;                 ; --       ; --           ;
; 47       ; 37         ; 1        ; g1             ; output ; 3.3-V LVTTL                ;           ; Column I/O ; Y               ; no       ; Off          ;
; 48       ; 38         ; 1        ; qn             ; output ; 3.3-V LVTTL                ;           ; Column I/O ; Y               ; no       ; Off          ;
; 49       ; 39         ; 1        ; q              ; output ; 3.3-V LVTTL                ;           ; Column I/O ; Y               ; no       ; Off          ;
; 50       ; 40         ; 1        ; din            ; input  ; 3.3V Schmitt Trigger Input ;           ; Column I/O ; Y               ; no       ; On           ;
; 51       ; 41         ; 1        ; GND*           ;        ;                            ;           ; Column I/O ;                 ; no       ; Off          ;
; 52       ; 42         ; 2        ; GND*           ;        ;                            ;           ; Row I/O    ;                 ; no       ; Off          ;
; 53       ; 43         ; 2        ; enable         ; input  ; 3.3V Schmitt Trigger Input ;           ; Row I/O    ; Y               ; no       ; On           ;
; 54       ; 44         ; 2        ; GND*           ;        ;                            ;           ; Row I/O    ;                 ; no       ; Off          ;
; 55       ; 45         ; 2        ; GND*           ;        ;                            ;           ; Row I/O    ;                 ; no       ; Off          ;
; 56       ; 46         ; 2        ; GND*           ;        ;                            ;           ; Row I/O    ;                 ; no       ; Off          ;
; 57       ; 47         ; 2        ; GND*           ;        ;                            ;           ; Row I/O    ;                 ; no       ; Off          ;
; 58       ; 48         ; 2        ; GND*           ;        ;                            ;           ; Row I/O    ;                 ; no       ; Off          ;
; 59       ;            ; 2        ; VCCIO2         ; power  ;                            ; 3.3V      ; --         ;                 ; --       ; --           ;
; 60       ;            ;          ; GNDIO          ; gnd    ;                            ;           ; --         ;                 ; --       ; --           ;
; 61       ; 49         ; 2        ; GND*           ;        ;                            ;           ; Row I/O    ;                 ; no       ; Off          ;
; 62       ; 50         ; 2        ; GND*           ;        ;                            ;           ; Row I/O    ;                 ; no       ; Off          ;
; 63       ;            ;          ; VCCINT         ; power  ;                            ; 2.5V/3.3V ; --         ;                 ; --       ; --           ;
; 64       ; 51         ; 2        ; GND*           ;        ;                            ;           ; Row I/O    ;                 ; no       ; Off          ;
; 65       ;            ;          ; GNDINT         ; gnd    ;                            ;           ; --         ;                 ; --       ; --           ;
; 66       ; 52         ; 2        ; GND*           ;        ;                            ;           ; Row I/O    ;                 ; no       ; Off          ;
; 67       ; 53         ; 2        ; GND*           ;        ;                            ;           ; Row I/O    ;                 ; no       ; Off          ;
; 68       ; 54         ; 2        ; GND*           ;        ;                            ;           ; Row I/O    ;                 ; no       ; Off          ;
; 69       ; 55         ; 2        ; GND*           ;        ;                            ;           ; Row I/O    ;                 ; no       ; Off          ;
; 70       ; 56         ; 2        ; GND*           ;        ;                            ;           ; Row I/O    ;                 ; no       ; Off          ;
; 71       ; 57         ; 2        ; GND*           ;        ;                            ;           ; Row I/O    ;                 ; no       ; Off          ;
; 72       ; 58         ; 2        ; GND*           ;        ;                            ;           ; Row I/O    ;                 ; no       ; Off          ;
; 73       ; 59         ; 2        ; GND*           ;        ;                            ;           ; Row I/O    ;                 ; no       ; Off          ;
; 74       ; 60         ; 2        ; GND*           ;        ;                            ;           ; Row I/O    ;                 ; no       ; Off          ;
; 75       ; 61         ; 2        ; GND*           ;        ;                            ;           ; Column I/O ;                 ; no       ; Off          ;
; 76       ; 62         ; 2        ; GND*           ;        ;                            ;           ; Column I/O ;                 ; no       ; Off          ;
; 77       ; 63         ; 2        ; GND*           ;        ;                            ;           ; Column I/O ;                 ; no       ; Off          ;
; 78       ; 64         ; 2        ; GND*           ;        ;                            ;           ; Column I/O ;                 ; no       ; Off          ;
; 79       ;            ;          ; GNDIO          ; gnd    ;                            ;           ; --         ;                 ; --       ; --           ;
; 80       ;            ; 2        ; VCCIO2         ; power  ;                            ; 3.3V      ; --         ;                 ; --       ; --           ;
; 81       ; 65         ; 2        ; GND*           ;        ;                            ;           ; Column I/O ;                 ; no       ; Off          ;
; 82       ; 66         ; 2        ; GND*           ;        ;                            ;           ; Column I/O ;                 ; no       ; Off          ;
; 83       ; 67         ; 2        ; GND*           ;        ;                            ;           ; Column I/O ;                 ; no       ; Off          ;
; 84       ; 68         ; 2        ; GND*           ;        ;                            ;           ; Column I/O ;                 ; no       ; Off          ;
; 85       ; 69         ; 2        ; GND*           ;        ;                            ;           ; Column I/O ;                 ; no       ; Off          ;
; 86       ; 70         ; 2        ; GND*           ;        ;                            ;           ; Column I/O ;                 ; no       ; Off          ;
; 87       ; 71         ; 2        ; GND*           ;        ;                            ;           ; Column I/O ;                 ; no       ; Off          ;
; 88       ; 72         ; 2        ; GND*           ;        ;                            ;           ; Column I/O ;                 ; no       ; Off          ;
; 89       ; 73         ; 2        ; GND*           ;        ;                            ;           ; Column I/O ;                 ; no       ; Off          ;
; 90       ; 74         ; 2        ; GND*           ;        ;                            ;           ; Column I/O ;                 ; no       ; Off          ;
; 91       ; 75         ; 2        ; GND*           ;        ;                            ;           ; Column I/O ;                 ; no       ; Off          ;
; 92       ; 76         ; 2        ; GND*           ;        ;                            ;           ; Column I/O ;                 ; no       ; Off          ;
; 93       ;            ;          ; GNDIO          ; gnd    ;                            ;           ; --         ;                 ; --       ; --           ;
; 94       ;            ; 2        ; VCCIO2         ; power  ;                            ; 3.3V      ; --         ;                 ; --       ; --           ;
; 95       ; 77         ; 2        ; GND*           ;        ;                            ;           ; Column I/O ;                 ; no       ; Off          ;
; 96       ; 78         ; 2        ; GND*           ;        ;                            ;           ; Column I/O ;                 ; no       ; Off          ;
; 97       ; 79         ; 2        ; GND*           ;        ;                            ;           ; Column I/O ;                 ; no       ; Off          ;
; 98       ; 80         ; 2        ; GND*           ;        ;                            ;           ; Column I/O ;                 ; no       ; Off          ;
; 99       ; 81         ; 2        ; GND*           ;        ;                            ;           ; Column I/O ;                 ; no       ; Off          ;
; 100      ; 82         ; 2        ; GND*           ;        ;                            ;           ; Column I/O ;                 ; no       ; Off          ;
+----------+------------+----------+----------------+--------+----------------------------+-----------+------------+-----------------+----------+--------------+
Note: Pin directions (input, output or bidir) are based on device operating in user mode.


+-------------------------------------------------------------+
; Output Pin Default Load For Reported TCO                    ;
+----------------------------+-------+------------------------+
; I/O Standard               ; Load  ; Termination Resistance ;
+----------------------------+-------+------------------------+
; 3.3-V LVTTL                ; 10 pF ; Not Available          ;
; 3.3-V LVCMOS               ; 10 pF ; Not Available          ;
; 2.5 V                      ; 10 pF ; Not Available          ;
; 1.8 V                      ; 10 pF ; Not Available          ;
; 1.5 V                      ; 10 pF ; Not Available          ;
; 3.3V Schmitt Trigger Input ; 10 pF ; Not Available          ;
; 2.5V Schmitt Trigger Input ; 10 pF ; Not Available          ;
+----------------------------+-------+------------------------+
Note: User assignments will override these defaults. The user specified values are listed in the Output Pins and Bidir Pins tables.


+------------------------------------------------------------------------------------------------------------------------------------------------------------------------------------------------------------------------------------+
; Fitter Resource Utilization by Entity                                                                                                                                                                                              ;
+----------------------------+-------------+--------------+------------+------+--------------+--------------+-------------------+------------------+-----------------+------------+---------------------+-------------+--------------+
; Compilation Hierarchy Node ; Logic Cells ; LC Registers ; UFM Blocks ; Pins ; Virtual Pins ; LUT-Only LCs ; Register-Only LCs ; LUT/Register LCs ; Carry Chain LCs ; Packed LCs ; Full Hierarchy Name ; Entity Name ; Library Name ;
+----------------------------+-------------+--------------+------------+------+--------------+--------------+-------------------+------------------+-----------------+------------+---------------------+-------------+--------------+
; |latch_d_nor               ; 2 (2)       ; 0            ; 0          ; 18   ; 0            ; 2 (2)        ; 0 (0)             ; 0 (0)            ; 0 (0)           ; 0 (0)      ; |latch_d_nor        ; latch_d_nor ; work         ;
+----------------------------+-------------+--------------+------------+------+--------------+--------------+-------------------+------------------+-----------------+------------+---------------------+-------------+--------------+
Note: For table entries with two numbers listed, the numbers in parentheses indicate the number of resources of the given type used by the specific entity alone. The numbers listed outside of parentheses indicate the total resources of the given type used by the specific entity and all of its sub-entities in the hierarchy.


+-----------------------------------+
; Delay Chain Summary               ;
+--------+----------+---------------+
; Name   ; Pin Type ; Pad to Core 0 ;
+--------+----------+---------------+
; q      ; Output   ; --            ;
; qn     ; Output   ; --            ;
; din    ; Input    ; (1)           ;
; enable ; Input    ; (0)           ;
+--------+----------+---------------+


+-----------------------------------------------------------------------------------------------+
; Control Signals                                                                               ;
+--------+----------+---------+--------------+--------+----------------------+------------------+
; Name   ; Location ; Fan-Out ; Usage        ; Global ; Global Resource Used ; Global Line Name ;
+--------+----------+---------+--------------+--------+----------------------+------------------+
; enable ; PIN_53   ; 2       ; Latch enable ; yes    ; Global Clock         ; GCLK3            ;
+--------+----------+---------+--------------+--------+----------------------+------------------+


+-----------------------------------------------------------------------+
; Global & Other Fast Signals                                           ;
+--------+----------+---------+----------------------+------------------+
; Name   ; Location ; Fan-Out ; Global Resource Used ; Global Line Name ;
+--------+----------+---------+----------------------+------------------+
; enable ; PIN_53   ; 2       ; Global Clock         ; GCLK3            ;
+--------+----------+---------+----------------------+------------------+


+-------------------------------------------+
; Routing Usage Summary                     ;
+-----------------------+-------------------+
; Routing Resource Type ; Usage             ;
+-----------------------+-------------------+
; C4s                   ; 5 / 784 ( < 1 % ) ;
; Direct links          ; 0 / 888 ( 0 % )   ;
; Global clocks         ; 1 / 4 ( 25 % )    ;
; LAB clocks            ; 2 / 32 ( 6 % )    ;
; LUT chains            ; 0 / 216 ( 0 % )   ;
; Local interconnects   ; 7 / 888 ( < 1 % ) ;
; R4s                   ; 4 / 704 ( < 1 % ) ;
+-----------------------+-------------------+


+--------------------------------------------------------------------------+
; LAB Logic Elements                                                       ;
+--------------------------------------------+-----------------------------+
; Number of Logic Elements  (Average = 1.00) ; Number of LABs  (Total = 2) ;
+--------------------------------------------+-----------------------------+
; 1                                          ; 2                           ;
; 2                                          ; 0                           ;
; 3                                          ; 0                           ;
; 4                                          ; 0                           ;
; 5                                          ; 0                           ;
; 6                                          ; 0                           ;
; 7                                          ; 0                           ;
; 8                                          ; 0                           ;
; 9                                          ; 0                           ;
; 10                                         ; 0                           ;
+--------------------------------------------+-----------------------------+


+---------------------------------------------------------------------------+
; LAB Signals Sourced                                                       ;
+---------------------------------------------+-----------------------------+
; Number of Signals Sourced  (Average = 1.00) ; Number of LABs  (Total = 2) ;
+---------------------------------------------+-----------------------------+
; 0                                           ; 0                           ;
; 1                                           ; 2                           ;
+---------------------------------------------+-----------------------------+


+-------------------------------------------------------------------------------+
; LAB Signals Sourced Out                                                       ;
+-------------------------------------------------+-----------------------------+
; Number of Signals Sourced Out  (Average = 1.00) ; Number of LABs  (Total = 2) ;
+-------------------------------------------------+-----------------------------+
; 0                                               ; 0                           ;
; 1                                               ; 2                           ;
+-------------------------------------------------+-----------------------------+


+---------------------------------------------------------------------------+
; LAB Distinct Inputs                                                       ;
+---------------------------------------------+-----------------------------+
; Number of Distinct Inputs  (Average = 2.00) ; Number of LABs  (Total = 2) ;
+---------------------------------------------+-----------------------------+
; 0                                           ; 0                           ;
; 1                                           ; 0                           ;
; 2                                           ; 2                           ;
+---------------------------------------------+-----------------------------+


+-------------------------------------------------------------------------+
; Fitter Device Options                                                   ;
+----------------------------------------------+--------------------------+
; Option                                       ; Setting                  ;
+----------------------------------------------+--------------------------+
; Enable user-supplied start-up clock (CLKUSR) ; Off                      ;
; Enable device-wide reset (DEV_CLRn)          ; Off                      ;
; Enable device-wide output enable (DEV_OE)    ; Off                      ;
; Enable INIT_DONE output                      ; Off                      ;
; Configuration scheme                         ; Passive Serial           ;
; Reserve all unused pins                      ; As output driving ground ;
+----------------------------------------------+--------------------------+


+-----------------+
; Fitter Messages ;
+-----------------+
Info (20030): Parallel compilation is enabled and will use 2 of the 2 processors detected
Info (119006): Selected device EPM240T100C5 for design "latch_d_nor"
Info (21077): Low junction temperature is 0 degrees C
Info (21077): High junction temperature is 85 degrees C
Info (171003): Fitter is performing an Auto Fit compilation, which may decrease Fitter effort to reduce compilation time
Warning (292013): Feature LogicLock is only available with a valid subscription license. You can purchase a software subscription to gain full access to this feature.
Info (176444): Device migration not selected. If you intend to use device migration later, you may need to change the pin assignments as they may be incompatible with other devices
    Info (176445): Device EPM240T100I5 is compatible
    Info (176445): Device EPM240T100A5 is compatible
    Info (176445): Device EPM570T100C5 is compatible
    Info (176445): Device EPM570T100I5 is compatible
    Info (176445): Device EPM570T100A5 is compatible
Warning (335093): The Timing Analyzer is analyzing 2 combinational loops as latches. For more details, run the Check Timing command in the Timing Analyzer or view the "User-Specified and Inferred Latches" table in the Analysis & Synthesis report.
Critical Warning (332012): Synopsys Design Constraints File file not found: 'latch_d_nor.sdc'. A Synopsys Design Constraints File is required by the Timing Analyzer to get proper timing constraints. Without it, the Compiler will not properly optimize the design.
Info (332144): No user constrained base clocks found in the design
Info (332128): Timing requirements not specified -- optimizing circuit to achieve the following default global requirements
    Info (332127): Assuming a default timing requirement
Info (332111): Found 1 clocks
    Info (332111):   Period   Clock Name
    Info (332111): ======== ============
    Info (332111):    1.000       enable
Info (186079): Completed User Assigned Global Signals Promotion Operation
Info (186215): Automatically promoted signal "enable" to use Global clock File: C:/Users/revox/Desktop/pratica4/ex2/latch_d_nor/latch_d_nor.vhd Line: 8
Info (186228): Pin "enable" drives global clock, but is not placed in a dedicated clock pin position File: C:/Users/revox/Desktop/pratica4/ex2/latch_d_nor/latch_d_nor.vhd Line: 8
Info (186079): Completed Auto Global Promotion Operation
Info (176234): Starting register packing
Info (186468): Started processing fast register assignments
Info (186469): Finished processing fast register assignments
Info (176235): Finished register packing
Warning (15705): Ignored locations or region assignments to the following nodes
    Warning (15706): Node "ch2" is assigned to location or region, but does not exist in design
    Warning (15706): Node "ch3" is assigned to location or region, but does not exist in design
Info (171121): Fitter preparation operations ending: elapsed time is 00:00:00
Info (14896): Fitter has disabled Advanced Physical Optimization because it is not supported for the current family.
Info (170189): Fitter placement preparation operations beginning
Info (170190): Fitter placement preparation operations ending: elapsed time is 00:00:00
Info (170191): Fitter placement operations beginning
Info (170137): Fitter placement was successful
Info (170192): Fitter placement operations ending: elapsed time is 00:00:00
Info (170193): Fitter routing operations beginning
Info (170195): Router estimated average interconnect usage is 0% of the available device resources
    Info (170196): Router estimated peak interconnect usage is 0% of the available device resources in the region that extends from location X0_Y0 to location X8_Y5
Info (170199): The Fitter performed an Auto Fit compilation.  Optimizations were skipped to reduce compilation time.
    Info (170201): Optimizations that may affect the design's routability were skipped
    Info (170200): Optimizations that may affect the design's timing were skipped
Info (170194): Fitter routing operations ending: elapsed time is 00:00:00
Info (11888): Total time spent on timing analysis during the Fitter is 0.10 seconds.
Info (11218): Fitter post-fit operations ending: elapsed time is 00:00:00
Warning (171167): Found invalid Fitter assignments. See the Ignored Assignments panel in the Fitter Compilation Report for more information.
Warning (169174): The Reserve All Unused Pins setting has not been specified, and will default to 'As output driving ground'.
Info (144001): Generated suppressed messages file C:/Users/revox/Desktop/pratica4/ex2/latch_d_nor/output_files/latch_d_nor.fit.smsg
Info: Quartus Prime Fitter was successful. 0 errors, 8 warnings
    Info: Peak virtual memory: 5068 megabytes
    Info: Processing ended: Fri Apr 26 20:59:23 2024
    Info: Elapsed time: 00:00:03
    Info: Total CPU time (on all processors): 00:00:01


+----------------------------+
; Fitter Suppressed Messages ;
+----------------------------+
The suppressed messages can be found in C:/Users/revox/Desktop/pratica4/ex2/latch_d_nor/output_files/latch_d_nor.fit.smsg.


