Flow report for p2ex1
Fri Mar 22 21:23:36 2024
Quartus Prime Version 23.1std.0 Build 991 11/28/2023 SC Lite Edition


---------------------
; Table of Contents ;
---------------------
  1. Legal Notice
  2. Flow Summary
  3. Flow Settings
  4. Flow Non-Default Global Settings
  5. Flow Elapsed Time
  6. Flow OS Summary
  7. Flow Log
  8. Flow Messages
  9. Flow Suppressed Messages



----------------
; Legal Notice ;
----------------
Copyright (C) 2023  Intel Corporation. All rights reserved.
Your use of Intel Corporation's design tools, logic functions 
and other software and tools, and any partner logic 
functions, and any output files from any of the foregoing 
(including device programming or simulation files), and any 
associated documentation or information are expressly subject 
to the terms and conditions of the Intel Program License 
Subscription Agreement, the Intel Quartus Prime License Agreement,
the Intel FPGA IP License Agreement, or other applicable license
agreement, including, without limitation, that your use is for
the sole purpose of programming logic devices manufactured by
Intel and sold by Intel or its authorized distributors.  Please
refer to the applicable agreement for further details, at
https://fpgasoftware.intel.com/eula.



+------------------------------------------------------------------------+
; Flow Summary                                                           ;
+-----------------------+------------------------------------------------+
; Flow Status           ; Successful - Fri Mar 22 21:23:36 2024          ;
; Quartus Prime Version ; 23.1std.0 Build 991 11/28/2023 SC Lite Edition ;
; Revision Name         ; p2ex1                                          ;
; Top-level Entity Name ; p2ex1                                          ;
; Family                ; MAX II                                         ;
; Total logic elements  ; 2 / 240 ( < 1 % )                              ;
; Total pins            ; 22 / 80 ( 28 % )                               ;
; Total virtual pins    ; 0                                              ;
; UFM blocks            ; 0 / 1 ( 0 % )                                  ;
; Device                ; EPM240T100C5                                   ;
; Timing Models         ; Final                                          ;
+-----------------------+------------------------------------------------+


+-----------------------------------------+
; Flow Settings                           ;
+-------------------+---------------------+
; Option            ; Setting             ;
+-------------------+---------------------+
; Start date & time ; 03/22/2024 21:23:04 ;
; Main task         ; Compilation         ;
; Revision Name     ; p2ex1               ;
+-------------------+---------------------+


+-----------------------------------------------------------------------------------------------------------------------------------------------------+
; Flow Non-Default Global Settings                                                                                                                    ;
+---------------------------------------+-------------------------------------------+---------------+-------------+-----------------------------------+
; Assignment Name                       ; Value                                     ; Default Value ; Entity Name ; Section Id                        ;
+---------------------------------------+-------------------------------------------+---------------+-------------+-----------------------------------+
; COMPILER_SIGNATURE_ID                 ; 31032335326579.171115338314092            ; --            ; --          ; --                                ;
; EDA_GENERATE_FUNCTIONAL_NETLIST       ; Off                                       ; --            ; --          ; eda_board_design_timing           ;
; EDA_GENERATE_FUNCTIONAL_NETLIST       ; Off                                       ; --            ; --          ; eda_board_design_boundary_scan    ;
; EDA_GENERATE_FUNCTIONAL_NETLIST       ; Off                                       ; --            ; --          ; eda_board_design_signal_integrity ;
; EDA_GENERATE_FUNCTIONAL_NETLIST       ; Off                                       ; --            ; --          ; eda_board_design_symbol           ;
; EDA_OUTPUT_DATA_FORMAT                ; Verilog Hdl                               ; --            ; --          ; eda_simulation                    ;
; EDA_SIMULATION_TOOL                   ; Questa Intel FPGA (Verilog)               ; <None>        ; --          ; --                                ;
; EDA_TIME_SCALE                        ; 1 ps                                      ; --            ; --          ; eda_simulation                    ;
; MAX_CORE_JUNCTION_TEMP                ; 85                                        ; --            ; --          ; --                                ;
; MIN_CORE_JUNCTION_TEMP                ; 0                                         ; --            ; --          ; --                                ;
; NUM_PARALLEL_PROCESSORS               ; All                                       ; --            ; --          ; --                                ;
; POWER_EXT_SUPPLY_VOLTAGE_TO_REGULATOR ; 3.3V                                      ; --            ; --          ; --                                ;
; PROJECT_OUTPUT_DIRECTORY              ; C:/Users/revox/Desktop/p2ex1/output_files ; --            ; --          ; --                                ;
+---------------------------------------+-------------------------------------------+---------------+-------------+-----------------------------------+


+--------------------------------------------------------------------------------------------------------------------------+
; Flow Elapsed Time                                                                                                        ;
+----------------------+--------------+-------------------------+---------------------+------------------------------------+
; Module Name          ; Elapsed Time ; Average Processors Used ; Peak Virtual Memory ; Total CPU Time (on all processors) ;
+----------------------+--------------+-------------------------+---------------------+------------------------------------+
; Analysis & Synthesis ; 00:00:18     ; 1.0                     ; 4774 MB             ; 00:00:26                           ;
; Fitter               ; 00:00:03     ; 1.0                     ; 5072 MB             ; 00:00:02                           ;
; Assembler            ; 00:00:01     ; 1.0                     ; 4659 MB             ; 00:00:01                           ;
; Timing Analyzer      ; 00:00:02     ; 1.0                     ; 4655 MB             ; 00:00:01                           ;
; EDA Netlist Writer   ; 00:00:02     ; 1.0                     ; 4622 MB             ; 00:00:01                           ;
; Total                ; 00:00:26     ; --                      ; --                  ; 00:00:31                           ;
+----------------------+--------------+-------------------------+---------------------+------------------------------------+


+------------------------------------------------------------------------------------+
; Flow OS Summary                                                                    ;
+----------------------+------------------+------------+------------+----------------+
; Module Name          ; Machine Hostname ; OS Name    ; OS Version ; Processor type ;
+----------------------+------------------+------------+------------+----------------+
; Analysis & Synthesis ; duotronics       ; Windows 10 ; 10.0       ; x86_64         ;
; Fitter               ; duotronics       ; Windows 10 ; 10.0       ; x86_64         ;
; Assembler            ; duotronics       ; Windows 10 ; 10.0       ; x86_64         ;
; Timing Analyzer      ; duotronics       ; Windows 10 ; 10.0       ; x86_64         ;
; EDA Netlist Writer   ; duotronics       ; Windows 10 ; 10.0       ; x86_64         ;
+----------------------+------------------+------------+------------+----------------+


------------
; Flow Log ;
------------
quartus_map --read_settings_files=on --write_settings_files=off p2ex1 -c p2ex1
quartus_fit --read_settings_files=off --write_settings_files=off p2ex1 -c p2ex1
quartus_asm --read_settings_files=off --write_settings_files=off p2ex1 -c p2ex1
quartus_sta p2ex1 -c p2ex1
quartus_eda --read_settings_files=off --write_settings_files=off p2ex1 -c p2ex1



